[ 2016-09-29T11:02:18+08:00 ] ::1 /
INFO: [ app_init ] --START--
INFO: Run Behavior\BuildLiteBehavior [ RunTime:0.000031s ]
INFO: [ app_init ] --END-- [ RunTime:0.002161s ]
INFO: [ app_begin ] --START--
INFO: Run Behavior\ReadHtmlCacheBehavior [ RunTime:0.000796s ]
INFO: [ app_begin ] --END-- [ RunTime:0.000894s ]
INFO: [ view_parse ] --START--
INFO: [ template_filter ] --START--
INFO: Run Behavior\ContentReplaceBehavior [ RunTime:0.000440s ]
INFO: [ template_filter ] --END-- [ RunTime:0.000586s ]
NOTIC: [8] Undefined variable: mobile /Users/LiXin/PhpstormProjects/adm/Application/Runtime/Cache/Home/50c9f5d2ef37c2cf131d5cf1381d3a4b.php 第 27 行.
NOTIC: [8] Undefined index: err_msg /Users/LiXin/PhpstormProjects/adm/Application/Runtime/Cache/Home/50c9f5d2ef37c2cf131d5cf1381d3a4b.php 第 40 行.
INFO: Run Behavior\ParseTemplateBehavior [ RunTime:0.011416s ]
INFO: [ view_parse ] --END-- [ RunTime:0.011533s ]
INFO: [ view_filter ] --START--
INFO: Run Behavior\WriteHtmlCacheBehavior [ RunTime:0.000452s ]
INFO: [ view_filter ] --END-- [ RunTime:0.000536s ]
INFO: [ app_end ] --START--
INFO: Run Behavior\ShowPageTraceBehavior [ RunTime:0.000862s ]
INFO: [ app_end ] --END-- [ RunTime:0.000967s ]

[ 2016-09-29T11:56:34+08:00 ] ::1 /index.php/User/listUser
INFO: [ app_init ] --START--
INFO: Run Behavior\BuildLiteBehavior [ RunTime:0.000031s ]
INFO: [ app_init ] --END-- [ RunTime:0.000512s ]
INFO: [ app_begin ] --START--
INFO: Run Behavior\ReadHtmlCacheBehavior [ RunTime:0.000454s ]
INFO: [ app_begin ] --END-- [ RunTime:0.000555s ]

[ 2016-09-29T11:56:34+08:00 ] ::1 /index.php/Login/login.html
INFO: [ app_init ] --START--
INFO: Run Behavior\BuildLiteBehavior [ RunTime:0.000020s ]
INFO: [ app_init ] --END-- [ RunTime:0.000341s ]
INFO: [ app_begin ] --START--
INFO: Run Behavior\ReadHtmlCacheBehavior [ RunTime:0.000380s ]
INFO: [ app_begin ] --END-- [ RunTime:0.000466s ]
INFO: [ view_parse ] --START--
INFO: [ template_filter ] --START--
INFO: Run Behavior\ContentReplaceBehavior [ RunTime:0.000078s ]
INFO: [ template_filter ] --END-- [ RunTime:0.000181s ]
NOTIC: [8] Undefined variable: mobile /Users/LiXin/PhpstormProjects/adm/Application/Runtime/Cache/Home/50c9f5d2ef37c2cf131d5cf1381d3a4b.php 第 27 行.
NOTIC: [8] Undefined index: err_msg /Users/LiXin/PhpstormProjects/adm/Application/Runtime/Cache/Home/50c9f5d2ef37c2cf131d5cf1381d3a4b.php 第 40 行.
INFO: Run Behavior\ParseTemplateBehavior [ RunTime:0.006859s ]
INFO: [ view_parse ] --END-- [ RunTime:0.006958s ]
INFO: [ view_filter ] --START--
INFO: Run Behavior\WriteHtmlCacheBehavior [ RunTime:0.000159s ]
INFO: [ view_filter ] --END-- [ RunTime:0.000248s ]
INFO: [ app_end ] --START--
INFO: Run Behavior\ShowPageTraceBehavior [ RunTime:0.000511s ]
INFO: [ app_end ] --END-- [ RunTime:0.000604s ]

[ 2016-09-29T11:56:36+08:00 ] ::1 /index.php/Login/loginAction
INFO: [ app_init ] --START--
INFO: Run Behavior\BuildLiteBehavior [ RunTime:0.000021s ]
INFO: [ app_init ] --END-- [ RunTime:0.000345s ]
INFO: [ app_begin ] --START--
INFO: Run Behavior\ReadHtmlCacheBehavior [ RunTime:0.000382s ]
INFO: [ app_begin ] --END-- [ RunTime:0.000469s ]
SQL: SHOW COLUMNS FROM `qs_user` [ RunTime:0.0044s ]
SQL: SELECT * FROM `qs_user` WHERE (  mobile='13671587455' ) LIMIT 1   [ RunTime:0.0004s ]
SQL: SHOW COLUMNS FROM `qs_user_profile` [ RunTime:0.0005s ]
SQL: SELECT * FROM `qs_user_profile` WHERE ( 1=1 AND id='64' ) LIMIT 1   [ RunTime:0.0003s ]
SQL: select * from qs_auth_group  where id='3'  [ RunTime:0.0012s ]
SQL: select * from qs_auth_group  where id='6'  [ RunTime:0.0003s ]
SQL: select * from qs_auth_group  where id='2'  [ RunTime:0.0002s ]
NOTIC: [2] Cannot modify header information - headers already sent by (output started at /Users/LiXin/PhpstormProjects/adm/Application/Home/Controller/LoginController.class.php:53) /Users/LiXin/PhpstormProjects/adm/ThinkPHP/Common/functions.php 第 1413 行.
SQL: SHOW COLUMNS FROM `qs_user` [ RunTime:0.0005s ]
SQL: SELECT * FROM `qs_user` WHERE `id` = 64 LIMIT 1   [ RunTime:0.0011s ]
SQL: SELECT * FROM `qs_user_profile` WHERE ( 1=1 AND id='64' ) LIMIT 1   [ RunTime:0.0003s ]
NOTIC: [8] Undefined offset: 0 /Users/LiXin/PhpstormProjects/adm/ThinkPHP/Library/Think/Db/Driver.class.php 第 373 行.
SQL: UPDATE `qs_user` SET `id`='64',`mobile`='13671587455',`password`='0b121cdd10e7c826e7e0dd13cf606e78',`type`='1',`access_token`='',`groups`='3,6,2',`status`='1' WHERE `id` = 64 [ RunTime:0.0010s ]
NOTIC: [8] Undefined index: mapping_name /Users/LiXin/PhpstormProjects/adm/ThinkPHP/Library/Think/Model/RelationModel.class.php 第 259 行.
SQL: UPDATE `qs_user_profile` SET `id`='64',`name`='李欣',`nick_name`='小飞侠',`email`=NULL,`sex`='1',`age`='3',`birthday`=NULL,`profile`=NULL,`head_img`='1474264803_64.jpg',`level`=NULL,`country`=NULL,`province`=NULL,`city`=NULL,`address`=NULL,`amt_money`='2000.00',`get_money`='100.00',`account_left`='2231.00',`uptime`=NULL,`reg_time`='1465056000',`reg_ip`=NULL,`rec_user_id`=NULL,`reg_from`=NULL,`invite_code`='4FEM6T',`login_time`='2016-09-29 11:56:36',`logout_time`=NULL,`stay_time`=NULL,`remark`=NULL,`status`=NULL WHERE `id` = 64 [ RunTime:0.0005s ]
SQL: SHOW COLUMNS FROM `qs_user_log` [ RunTime:0.0005s ]
SQL: INSERT INTO `qs_user_log` (`user_id`,`login_time`,`login_ip`,`login_from`) VALUES ('64','2016','::1','0') [ RunTime:0.0015s ]

[ 2016-09-29T11:56:36+08:00 ] ::1 /index.php/Index/index.html
INFO: [ app_init ] --START--
INFO: Run Behavior\BuildLiteBehavior [ RunTime:0.000026s ]
INFO: [ app_init ] --END-- [ RunTime:0.000410s ]
INFO: [ app_begin ] --START--
INFO: Run Behavior\ReadHtmlCacheBehavior [ RunTime:0.000450s ]
INFO: [ app_begin ] --END-- [ RunTime:0.000558s ]
SQL: SHOW COLUMNS FROM `qs_user` [ RunTime:0.0018s ]
SQL: SHOW COLUMNS FROM `qs_books` [ RunTime:0.0007s ]
SQL: SHOW COLUMNS FROM `qs_user_pay_history` [ RunTime:0.0018s ]
SQL: SHOW COLUMNS FROM `qs_user_read_history` [ RunTime:0.0005s ]
SQL: SELECT COUNT(*) AS tp_count FROM `qs_user` LIMIT 1   [ RunTime:0.0009s ]
SQL: SELECT COUNT(*) AS tp_count FROM `qs_user` WHERE ( find_in_set(6,groups) ) LIMIT 1   [ RunTime:0.0011s ]
SQL: SELECT COUNT(*) AS tp_count FROM `qs_books` WHERE ( isup=1 ) LIMIT 1   [ RunTime:0.0006s ]
SQL: SELECT COUNT(*) AS tp_count FROM `qs_books` LIMIT 1   [ RunTime:0.0003s ]
SQL: SELECT  count(*) cnt,b.name ,b.id bid  FROM   qs_user_read_history  h , qs_books b WHERE h.bid=b.id and h.type=0 and  h.time BETWEEN UNIX_TIMESTAMP('2016-09-28 00:00:00') and UNIX_TIMESTAMP ('2016-09-28 23:59:59') GROUP BY b.id order by cnt desc LIMIT 0,1 [ RunTime:0.0052s ]
SQL: SELECT  count(*) cnt,b.name,b.id bid FROM qs_user_read_history  h , qs_books b WHERE h.bid=b.id and h.type=0 and  h.time BETWEEN UNIX_TIMESTAMP('2016-09-29 00:00:00') and UNIX_TIMESTAMP ('2016-09-29 23:59:59') GROUP BY b.id order by cnt desc LIMIT 0,1 [ RunTime:0.0014s ]
SQL: SELECT SUM(h.money) amt ,b.name ,b.id FROM qs_user_pay_history h , qs_books b WHERE  h.bid=b.id and h.status=1 and h.pay_time and h.pay_time  BETWEEN '2016-09-28 00:00:00' and  '2016-09-28 23:59:59'  group by b.id  order by amt desc limit 0,1 [ RunTime:0.0024s ]
SQL: SELECT SUM(h.money) amt ,b.name ,b.id FROM qs_user_pay_history h , qs_books b WHERE  h.bid=b.id and h.status=1 and h.pay_time and h.pay_time  BETWEEN '2016-09-29 00:00:00' and  '2016-09-29 23:59:59'  group by b.id  order by amt desc limit 0,1 [ RunTime:0.0004s ]
SQL:  SELECT b.name bookname,u.nick_name nickname, FROM_UNIXTIME(b.utime, '%Y-%m-%d %H:%i:%S') utime ,b.id, u.id uid FROM  qs_books b ,qs_user_profile u WHERE b.uid =u.id and  b.isup =1 and  b.utime BETWEEN UNIX_TIMESTAMP('2016-09-28 00:00:00') and UNIX_TIMESTAMP ('2016-09-28 23:59:59')  [ RunTime:0.0009s ]
SQL:  SELECT b.name bookname,u.nick_name nickname, FROM_UNIXTIME(b.utime, '%Y-%m-%d %H:%i:%S') utime,b.id , u.id uid FROM  qs_books b ,qs_user_profile u WHERE b.uid =u.id and  b.isup =1 and  b.utime BETWEEN UNIX_TIMESTAMP('2016-09-29 00:00:00') and UNIX_TIMESTAMP ('2016-09-29 23:59:59') [ RunTime:0.0005s ]
SQL:  select u.id,p.nick_name, FROM_UNIXTIME(p.reg_time, '%Y-%m-%d %H:%i:%S') regtime from qs_user u,qs_user_profile p where u.id=p.id and find_in_set(6,u.groups) and p.reg_time  BETWEEN UNIX_TIMESTAMP('2016-09-28 00:00:00') and UNIX_TIMESTAMP ('2016-09-28 23:59:59')  [ RunTime:0.0005s ]
SQL: select u.id,p.nick_name,  FROM_UNIXTIME(p.reg_time, '%Y-%m-%d %H:%i:%S') regtime  from qs_user u,qs_user_profile p where u.id=p.id and find_in_set(6,u.groups) and p.reg_time  BETWEEN UNIX_TIMESTAMP('2016-09-29 00:00:00') and UNIX_TIMESTAMP ('2016-09-29 23:59:59')  [ RunTime:0.0004s ]
INFO: [ view_parse ] --START--
INFO: [ template_filter ] --START--
INFO: Run Behavior\ContentReplaceBehavior [ RunTime:0.000091s ]
INFO: [ template_filter ] --END-- [ RunTime:0.000194s ]
NOTIC: [8] Undefined variable: SHOW_MENU /Users/LiXin/PhpstormProjects/adm/Application/Runtime/Cache/Home/2a94b8bda04ff446dcedd42276fc99ee.php 第 84 行.
NOTIC: [8] Undefined variable: SHOW_MENU /Users/LiXin/PhpstormProjects/adm/Application/Runtime/Cache/Home/2a94b8bda04ff446dcedd42276fc99ee.php 第 97 行.
NOTIC: [8] Undefined variable: SHOW_MENU /Users/LiXin/PhpstormProjects/adm/Application/Runtime/Cache/Home/2a94b8bda04ff446dcedd42276fc99ee.php 第 110 行.
NOTIC: [8] Undefined variable: type /Users/LiXin/PhpstormProjects/adm/Application/Runtime/Cache/Home/2a94b8bda04ff446dcedd42276fc99ee.php 第 113 行.
NOTIC: [8] Undefined variable: type /Users/LiXin/PhpstormProjects/adm/Application/Runtime/Cache/Home/2a94b8bda04ff446dcedd42276fc99ee.php 第 116 行.
NOTIC: [8] Undefined variable: SHOW_MENU /Users/LiXin/PhpstormProjects/adm/Application/Runtime/Cache/Home/2a94b8bda04ff446dcedd42276fc99ee.php 第 131 行.
NOTIC: [8] Undefined variable: showMenu /Users/LiXin/PhpstormProjects/adm/Application/Runtime/Cache/Home/2a94b8bda04ff446dcedd42276fc99ee.php 第 135 行.
NOTIC: [8] Undefined variable: showMenu /Users/LiXin/PhpstormProjects/adm/Application/Runtime/Cache/Home/2a94b8bda04ff446dcedd42276fc99ee.php 第 139 行.
NOTIC: [8] Undefined variable: SHOW_MENU /Users/LiXin/PhpstormProjects/adm/Application/Runtime/Cache/Home/2a94b8bda04ff446dcedd42276fc99ee.php 第 153 行.
NOTIC: [8] Undefined variable: type /Users/LiXin/PhpstormProjects/adm/Application/Runtime/Cache/Home/2a94b8bda04ff446dcedd42276fc99ee.php 第 157 行.
NOTIC: [8] Undefined variable: type /Users/LiXin/PhpstormProjects/adm/Application/Runtime/Cache/Home/2a94b8bda04ff446dcedd42276fc99ee.php 第 161 行.
NOTIC: [8] Undefined variable: type /Users/LiXin/PhpstormProjects/adm/Application/Runtime/Cache/Home/2a94b8bda04ff446dcedd42276fc99ee.php 第 165 行.
NOTIC: [8] Undefined variable: type /Users/LiXin/PhpstormProjects/adm/Application/Runtime/Cache/Home/2a94b8bda04ff446dcedd42276fc99ee.php 第 169 行.
NOTIC: [8] Undefined variable: type /Users/LiXin/PhpstormProjects/adm/Application/Runtime/Cache/Home/2a94b8bda04ff446dcedd42276fc99ee.php 第 173 行.
NOTIC: [8] Undefined variable: SHOW_MENU /Users/LiXin/PhpstormProjects/adm/Application/Runtime/Cache/Home/2a94b8bda04ff446dcedd42276fc99ee.php 第 189 行.
NOTIC: [8] Undefined variable: showMenu /Users/LiXin/PhpstormProjects/adm/Application/Runtime/Cache/Home/2a94b8bda04ff446dcedd42276fc99ee.php 第 193 行.
NOTIC: [8] Undefined variable: showMenu /Users/LiXin/PhpstormProjects/adm/Application/Runtime/Cache/Home/2a94b8bda04ff446dcedd42276fc99ee.php 第 197 行.
NOTIC: [8] Undefined variable: showMenu /Users/LiXin/PhpstormProjects/adm/Application/Runtime/Cache/Home/2a94b8bda04ff446dcedd42276fc99ee.php 第 201 行.
NOTIC: [8] Undefined offset: 0 /Users/LiXin/PhpstormProjects/adm/Application/Runtime/Cache/Home/2a94b8bda04ff446dcedd42276fc99ee.php 第 270 行.
NOTIC: [8] Undefined offset: 0 /Users/LiXin/PhpstormProjects/adm/Application/Runtime/Cache/Home/2a94b8bda04ff446dcedd42276fc99ee.php 第 270 行.
NOTIC: [8] Undefined offset: 0 /Users/LiXin/PhpstormProjects/adm/Application/Runtime/Cache/Home/2a94b8bda04ff446dcedd42276fc99ee.php 第 270 行.
NOTIC: [8] Undefined offset: 0 /Users/LiXin/PhpstormProjects/adm/Application/Runtime/Cache/Home/2a94b8bda04ff446dcedd42276fc99ee.php 第 281 行.
NOTIC: [8] Undefined offset: 0 /Users/LiXin/PhpstormProjects/adm/Application/Runtime/Cache/Home/2a94b8bda04ff446dcedd42276fc99ee.php 第 281 行.
NOTIC: [8] Undefined offset: 0 /Users/LiXin/PhpstormProjects/adm/Application/Runtime/Cache/Home/2a94b8bda04ff446dcedd42276fc99ee.php 第 281 行.
NOTIC: [8] Undefined offset: 0 /Users/LiXin/PhpstormProjects/adm/Application/Runtime/Cache/Home/2a94b8bda04ff446dcedd42276fc99ee.php 第 292 行.
NOTIC: [8] Undefined offset: 0 /Users/LiXin/PhpstormProjects/adm/Application/Runtime/Cache/Home/2a94b8bda04ff446dcedd42276fc99ee.php 第 292 行.
NOTIC: [8] Undefined offset: 0 /Users/LiXin/PhpstormProjects/adm/Application/Runtime/Cache/Home/2a94b8bda04ff446dcedd42276fc99ee.php 第 292 行.
NOTIC: [8] Undefined offset: 0 /Users/LiXin/PhpstormProjects/adm/Application/Runtime/Cache/Home/2a94b8bda04ff446dcedd42276fc99ee.php 第 303 行.
NOTIC: [8] Undefined offset: 0 /Users/LiXin/PhpstormProjects/adm/Application/Runtime/Cache/Home/2a94b8bda04ff446dcedd42276fc99ee.php 第 303 行.
NOTIC: [8] Undefined offset: 0 /Users/LiXin/PhpstormProjects/adm/Application/Runtime/Cache/Home/2a94b8bda04ff446dcedd42276fc99ee.php 第 303 行.
INFO: Run Behavior\ParseTemplateBehavior [ RunTime:0.036235s ]
INFO: [ view_parse ] --END-- [ RunTime:0.036337s ]
INFO: [ view_filter ] --START--
INFO: Run Behavior\WriteHtmlCacheBehavior [ RunTime:0.000199s ]
INFO: [ view_filter ] --END-- [ RunTime:0.000278s ]
INFO: [ app_end ] --START--
INFO: Run Behavior\ShowPageTraceBehavior [ RunTime:0.000607s ]
INFO: [ app_end ] --END-- [ RunTime:0.000704s ]

[ 2016-09-29T12:08:57+08:00 ] ::1 /index.php/Login/loginAction
INFO: [ app_init ] --START--
INFO: Run Behavior\BuildLiteBehavior [ RunTime:0.000031s ]
INFO: [ app_init ] --END-- [ RunTime:0.000512s ]
INFO: [ app_begin ] --START--
INFO: Run Behavior\ReadHtmlCacheBehavior [ RunTime:0.000446s ]
INFO: [ app_begin ] --END-- [ RunTime:0.000546s ]
SQL: SHOW COLUMNS FROM `qs_user` [ RunTime:0.0005s ]
SQL: SELECT * FROM `qs_user` WHERE (  mobile='13671587455' ) LIMIT 1   [ RunTime:0.0003s ]
SQL: SHOW COLUMNS FROM `qs_user_profile` [ RunTime:0.0005s ]
SQL: SELECT * FROM `qs_user_profile` WHERE ( 1=1 AND id='64' ) LIMIT 1   [ RunTime:0.0003s ]
SQL: select * from qs_auth_group  where id='3'  [ RunTime:0.0002s ]
SQL: select * from qs_auth_group  where id='6'  [ RunTime:0.0002s ]
SQL: select * from qs_auth_group  where id='2'  [ RunTime:0.0002s ]
NOTIC: [2] Cannot modify header information - headers already sent by (output started at /Users/LiXin/PhpstormProjects/adm/Application/Home/Controller/LoginController.class.php:53) /Users/LiXin/PhpstormProjects/adm/ThinkPHP/Common/functions.php 第 1413 行.
SQL: SHOW COLUMNS FROM `qs_user` [ RunTime:0.0004s ]
SQL: SELECT * FROM `qs_user` WHERE `id` = 64 LIMIT 1   [ RunTime:0.0002s ]
SQL: SELECT * FROM `qs_user_profile` WHERE ( 1=1 AND id='64' ) LIMIT 1   [ RunTime:0.0003s ]
NOTIC: [8] Undefined offset: 0 /Users/LiXin/PhpstormProjects/adm/ThinkPHP/Library/Think/Db/Driver.class.php 第 373 行.
SQL: UPDATE `qs_user` SET `id`='64',`mobile`='13671587455',`password`='0b121cdd10e7c826e7e0dd13cf606e78',`type`='1',`access_token`='',`groups`='3,6,2',`status`='1' WHERE `id` = 64 [ RunTime:0.0006s ]
NOTIC: [8] Undefined index: mapping_name /Users/LiXin/PhpstormProjects/adm/ThinkPHP/Library/Think/Model/RelationModel.class.php 第 259 行.
SQL: UPDATE `qs_user_profile` SET `id`='64',`name`='李欣',`nick_name`='小飞侠',`email`=NULL,`sex`='1',`age`='3',`birthday`=NULL,`profile`=NULL,`head_img`='1474264803_64.jpg',`level`=NULL,`country`=NULL,`province`=NULL,`city`=NULL,`address`=NULL,`amt_money`='2000.00',`get_money`='100.00',`account_left`='2231.00',`uptime`=NULL,`reg_time`='1465056000',`reg_ip`=NULL,`rec_user_id`=NULL,`reg_from`=NULL,`invite_code`='4FEM6T',`login_time`='2016-09-29 12:08:57',`logout_time`=NULL,`stay_time`=NULL,`remark`=NULL,`status`=NULL WHERE `id` = 64 [ RunTime:0.0018s ]
SQL: SHOW COLUMNS FROM `qs_user_log` [ RunTime:0.0004s ]
SQL: INSERT INTO `qs_user_log` (`user_id`,`login_time`,`login_ip`,`login_from`) VALUES ('64','2016','::1','0') [ RunTime:0.0005s ]

[ 2016-09-29T12:08:57+08:00 ] ::1 /index.php/Index/index.html
INFO: [ app_init ] --START--
INFO: Run Behavior\BuildLiteBehavior [ RunTime:0.000025s ]
INFO: [ app_init ] --END-- [ RunTime:0.000372s ]
INFO: [ app_begin ] --START--
INFO: Run Behavior\ReadHtmlCacheBehavior [ RunTime:0.000492s ]
INFO: [ app_begin ] --END-- [ RunTime:0.000603s ]
SQL: SHOW COLUMNS FROM `qs_user` [ RunTime:0.0014s ]
SQL: SHOW COLUMNS FROM `qs_books` [ RunTime:0.0014s ]
SQL: SHOW COLUMNS FROM `qs_user_pay_history` [ RunTime:0.0005s ]
SQL: SHOW COLUMNS FROM `qs_user_read_history` [ RunTime:0.0006s ]
SQL: SELECT COUNT(*) AS tp_count FROM `qs_user` LIMIT 1   [ RunTime:0.0003s ]
SQL: SELECT COUNT(*) AS tp_count FROM `qs_user` WHERE ( find_in_set(6,groups) ) LIMIT 1   [ RunTime:0.0004s ]
SQL: SELECT COUNT(*) AS tp_count FROM `qs_books` WHERE ( isup=1 ) LIMIT 1   [ RunTime:0.0004s ]
SQL: SELECT COUNT(*) AS tp_count FROM `qs_books` LIMIT 1   [ RunTime:0.0003s ]
SQL: SELECT  count(*) cnt,b.name ,b.id bid  FROM   qs_user_read_history  h , qs_books b WHERE h.bid=b.id and h.type=0 and  h.time BETWEEN UNIX_TIMESTAMP('2016-09-28 00:00:00') and UNIX_TIMESTAMP ('2016-09-28 23:59:59') GROUP BY b.id order by cnt desc LIMIT 0,1 [ RunTime:0.0015s ]
SQL: SELECT  count(*) cnt,b.name,b.id bid FROM qs_user_read_history  h , qs_books b WHERE h.bid=b.id and h.type=0 and  h.time BETWEEN UNIX_TIMESTAMP('2016-09-29 00:00:00') and UNIX_TIMESTAMP ('2016-09-29 23:59:59') GROUP BY b.id order by cnt desc LIMIT 0,1 [ RunTime:0.0015s ]
SQL: SELECT SUM(h.money) amt ,b.name ,b.id FROM qs_user_pay_history h , qs_books b WHERE  h.bid=b.id and h.status=1 and h.pay_time and h.pay_time  BETWEEN '2016-09-28 00:00:00' and  '2016-09-28 23:59:59'  group by b.id  order by amt desc limit 0,1 [ RunTime:0.0004s ]
SQL: SELECT SUM(h.money) amt ,b.name ,b.id FROM qs_user_pay_history h , qs_books b WHERE  h.bid=b.id and h.status=1 and h.pay_time and h.pay_time  BETWEEN '2016-09-29 00:00:00' and  '2016-09-29 23:59:59'  group by b.id  order by amt desc limit 0,1 [ RunTime:0.0003s ]
SQL:  SELECT b.name bookname,u.nick_name nickname, FROM_UNIXTIME(b.utime, '%Y-%m-%d %H:%i:%S') utime ,b.id, u.id uid FROM  qs_books b ,qs_user_profile u WHERE b.uid =u.id and  b.isup =1 and  b.utime BETWEEN UNIX_TIMESTAMP('2016-09-28 00:00:00') and UNIX_TIMESTAMP ('2016-09-28 23:59:59')  [ RunTime:0.0005s ]
SQL:  SELECT b.name bookname,u.nick_name nickname, FROM_UNIXTIME(b.utime, '%Y-%m-%d %H:%i:%S') utime,b.id , u.id uid FROM  qs_books b ,qs_user_profile u WHERE b.uid =u.id and  b.isup =1 and  b.utime BETWEEN UNIX_TIMESTAMP('2016-09-29 00:00:00') and UNIX_TIMESTAMP ('2016-09-29 23:59:59') [ RunTime:0.0005s ]
SQL:  select u.id,p.nick_name, FROM_UNIXTIME(p.reg_time, '%Y-%m-%d %H:%i:%S') regtime from qs_user u,qs_user_profile p where u.id=p.id and find_in_set(6,u.groups) and p.reg_time  BETWEEN UNIX_TIMESTAMP('2016-09-28 00:00:00') and UNIX_TIMESTAMP ('2016-09-28 23:59:59')  [ RunTime:0.0005s ]
SQL: select u.id,p.nick_name,  FROM_UNIXTIME(p.reg_time, '%Y-%m-%d %H:%i:%S') regtime  from qs_user u,qs_user_profile p where u.id=p.id and find_in_set(6,u.groups) and p.reg_time  BETWEEN UNIX_TIMESTAMP('2016-09-29 00:00:00') and UNIX_TIMESTAMP ('2016-09-29 23:59:59')  [ RunTime:0.0004s ]
INFO: [ view_parse ] --START--
INFO: [ template_filter ] --START--
INFO: Run Behavior\ContentReplaceBehavior [ RunTime:0.000114s ]
INFO: [ template_filter ] --END-- [ RunTime:0.000230s ]
NOTIC: [8] Undefined variable: SHOW_MENU /Users/LiXin/PhpstormProjects/adm/Application/Runtime/Cache/Home/2a94b8bda04ff446dcedd42276fc99ee.php 第 84 行.
NOTIC: [8] Undefined variable: SHOW_MENU /Users/LiXin/PhpstormProjects/adm/Application/Runtime/Cache/Home/2a94b8bda04ff446dcedd42276fc99ee.php 第 97 行.
NOTIC: [8] Undefined variable: SHOW_MENU /Users/LiXin/PhpstormProjects/adm/Application/Runtime/Cache/Home/2a94b8bda04ff446dcedd42276fc99ee.php 第 110 行.
NOTIC: [8] Undefined variable: type /Users/LiXin/PhpstormProjects/adm/Application/Runtime/Cache/Home/2a94b8bda04ff446dcedd42276fc99ee.php 第 113 行.
NOTIC: [8] Undefined variable: type /Users/LiXin/PhpstormProjects/adm/Application/Runtime/Cache/Home/2a94b8bda04ff446dcedd42276fc99ee.php 第 116 行.
NOTIC: [8] Undefined variable: SHOW_MENU /Users/LiXin/PhpstormProjects/adm/Application/Runtime/Cache/Home/2a94b8bda04ff446dcedd42276fc99ee.php 第 131 行.
NOTIC: [8] Undefined variable: showMenu /Users/LiXin/PhpstormProjects/adm/Application/Runtime/Cache/Home/2a94b8bda04ff446dcedd42276fc99ee.php 第 135 行.
NOTIC: [8] Undefined variable: showMenu /Users/LiXin/PhpstormProjects/adm/Application/Runtime/Cache/Home/2a94b8bda04ff446dcedd42276fc99ee.php 第 139 行.
NOTIC: [8] Undefined variable: SHOW_MENU /Users/LiXin/PhpstormProjects/adm/Application/Runtime/Cache/Home/2a94b8bda04ff446dcedd42276fc99ee.php 第 153 行.
NOTIC: [8] Undefined variable: type /Users/LiXin/PhpstormProjects/adm/Application/Runtime/Cache/Home/2a94b8bda04ff446dcedd42276fc99ee.php 第 157 行.
NOTIC: [8] Undefined variable: type /Users/LiXin/PhpstormProjects/adm/Application/Runtime/Cache/Home/2a94b8bda04ff446dcedd42276fc99ee.php 第 161 行.
NOTIC: [8] Undefined variable: type /Users/LiXin/PhpstormProjects/adm/Application/Runtime/Cache/Home/2a94b8bda04ff446dcedd42276fc99ee.php 第 165 行.
NOTIC: [8] Undefined variable: type /Users/LiXin/PhpstormProjects/adm/Application/Runtime/Cache/Home/2a94b8bda04ff446dcedd42276fc99ee.php 第 169 行.
NOTIC: [8] Undefined variable: type /Users/LiXin/PhpstormProjects/adm/Application/Runtime/Cache/Home/2a94b8bda04ff446dcedd42276fc99ee.php 第 173 行.
NOTIC: [8] Undefined variable: SHOW_MENU /Users/LiXin/PhpstormProjects/adm/Application/Runtime/Cache/Home/2a94b8bda04ff446dcedd42276fc99ee.php 第 189 行.
NOTIC: [8] Undefined variable: showMenu /Users/LiXin/PhpstormProjects/adm/Application/Runtime/Cache/Home/2a94b8bda04ff446dcedd42276fc99ee.php 第 193 行.
NOTIC: [8] Undefined variable: showMenu /Users/LiXin/PhpstormProjects/adm/Application/Runtime/Cache/Home/2a94b8bda04ff446dcedd42276fc99ee.php 第 197 行.
NOTIC: [8] Undefined variable: showMenu /Users/LiXin/PhpstormProjects/adm/Application/Runtime/Cache/Home/2a94b8bda04ff446dcedd42276fc99ee.php 第 201 行.
NOTIC: [8] Undefined offset: 0 /Users/LiXin/PhpstormProjects/adm/Application/Runtime/Cache/Home/2a94b8bda04ff446dcedd42276fc99ee.php 第 270 行.
NOTIC: [8] Undefined offset: 0 /Users/LiXin/PhpstormProjects/adm/Application/Runtime/Cache/Home/2a94b8bda04ff446dcedd42276fc99ee.php 第 270 行.
NOTIC: [8] Undefined offset: 0 /Users/LiXin/PhpstormProjects/adm/Application/Runtime/Cache/Home/2a94b8bda04ff446dcedd42276fc99ee.php 第 270 行.
NOTIC: [8] Undefined offset: 0 /Users/LiXin/PhpstormProjects/adm/Application/Runtime/Cache/Home/2a94b8bda04ff446dcedd42276fc99ee.php 第 281 行.
NOTIC: [8] Undefined offset: 0 /Users/LiXin/PhpstormProjects/adm/Application/Runtime/Cache/Home/2a94b8bda04ff446dcedd42276fc99ee.php 第 281 行.
NOTIC: [8] Undefined offset: 0 /Users/LiXin/PhpstormProjects/adm/Application/Runtime/Cache/Home/2a94b8bda04ff446dcedd42276fc99ee.php 第 281 行.
NOTIC: [8] Undefined offset: 0 /Users/LiXin/PhpstormProjects/adm/Application/Runtime/Cache/Home/2a94b8bda04ff446dcedd42276fc99ee.php 第 292 行.
NOTIC: [8] Undefined offset: 0 /Users/LiXin/PhpstormProjects/adm/Application/Runtime/Cache/Home/2a94b8bda04ff446dcedd42276fc99ee.php 第 292 行.
NOTIC: [8] Undefined offset: 0 /Users/LiXin/PhpstormProjects/adm/Application/Runtime/Cache/Home/2a94b8bda04ff446dcedd42276fc99ee.php 第 292 行.
NOTIC: [8] Undefined offset: 0 /Users/LiXin/PhpstormProjects/adm/Application/Runtime/Cache/Home/2a94b8bda04ff446dcedd42276fc99ee.php 第 303 行.
NOTIC: [8] Undefined offset: 0 /Users/LiXin/PhpstormProjects/adm/Application/Runtime/Cache/Home/2a94b8bda04ff446dcedd42276fc99ee.php 第 303 行.
NOTIC: [8] Undefined offset: 0 /Users/LiXin/PhpstormProjects/adm/Application/Runtime/Cache/Home/2a94b8bda04ff446dcedd42276fc99ee.php 第 303 行.
INFO: Run Behavior\ParseTemplateBehavior [ RunTime:0.028527s ]
INFO: [ view_parse ] --END-- [ RunTime:0.028626s ]
INFO: [ view_filter ] --START--
INFO: Run Behavior\WriteHtmlCacheBehavior [ RunTime:0.000158s ]
INFO: [ view_filter ] --END-- [ RunTime:0.000239s ]
INFO: [ app_end ] --START--
INFO: Run Behavior\ShowPageTraceBehavior [ RunTime:0.000620s ]
INFO: [ app_end ] --END-- [ RunTime:0.000791s ]

[ 2016-09-29T12:09:10+08:00 ] ::1 /index.php/User/listUser
INFO: [ app_init ] --START--
INFO: Run Behavior\BuildLiteBehavior [ RunTime:0.000027s ]
INFO: [ app_init ] --END-- [ RunTime:0.000442s ]
INFO: [ app_begin ] --START--
INFO: Run Behavior\ReadHtmlCacheBehavior [ RunTime:0.000441s ]
INFO: [ app_begin ] --END-- [ RunTime:0.000537s ]
SQL:  select * from qs_invcode where uid > 0 [ RunTime:0.0023s ]
SQL: SHOW COLUMNS FROM `qs_user_profile` [ RunTime:0.0005s ]
SQL: UPDATE `qs_user_profile` SET `invite_code`='C8Q2WJ' WHERE ( id = 1 ) [ RunTime:0.0006s ]
SQL: UPDATE `qs_user_profile` SET `invite_code`='BHOJJC' WHERE ( id = 46 ) [ RunTime:0.0004s ]
SQL: UPDATE `qs_user_profile` SET `invite_code`='KDXZ6E' WHERE ( id = 8 ) [ RunTime:0.0003s ]
SQL: UPDATE `qs_user_profile` SET `invite_code`='NPF8TA' WHERE ( id = 6 ) [ RunTime:0.0004s ]
SQL: UPDATE `qs_user_profile` SET `invite_code`='ZO2BI9' WHERE ( id = 4 ) [ RunTime:0.0004s ]
SQL: UPDATE `qs_user_profile` SET `invite_code`='CHBZ0Z' WHERE ( id = 7 ) [ RunTime:0.0004s ]
SQL: UPDATE `qs_user_profile` SET `invite_code`='9VFRRJ' WHERE ( id = 58 ) [ RunTime:0.0003s ]
SQL: UPDATE `qs_user_profile` SET `invite_code`='6IT8B2' WHERE ( id = 9 ) [ RunTime:0.0004s ]
SQL: UPDATE `qs_user_profile` SET `invite_code`='WOMJ8W' WHERE ( id = 3 ) [ RunTime:0.0004s ]
SQL: UPDATE `qs_user_profile` SET `invite_code`='O7II2M' WHERE ( id = 24 ) [ RunTime:0.0004s ]
SQL: UPDATE `qs_user_profile` SET `invite_code`='Z57MH6' WHERE ( id = 10 ) [ RunTime:0.0003s ]
SQL: UPDATE `qs_user_profile` SET `invite_code`='5186N9' WHERE ( id = 35 ) [ RunTime:0.0003s ]
SQL: UPDATE `qs_user_profile` SET `invite_code`='JS03FE' WHERE ( id = 81 ) [ RunTime:0.0003s ]
SQL: UPDATE `qs_user_profile` SET `invite_code`='4FEM6T' WHERE ( id = 64 ) [ RunTime:0.0003s ]
SQL: UPDATE `qs_user_profile` SET `invite_code`='11GMXU' WHERE ( id = 2 ) [ RunTime:0.0003s ]
SQL: UPDATE `qs_user_profile` SET `invite_code`='HNKFEL' WHERE ( id = 87 ) [ RunTime:0.0003s ]
SQL: UPDATE `qs_user_profile` SET `invite_code`='LRA8K9' WHERE ( id = 339 ) [ RunTime:0.0004s ]
SQL: UPDATE `qs_user_profile` SET `invite_code`='PE4AWG' WHERE ( id = 148 ) [ RunTime:0.0003s ]
SQL: UPDATE `qs_user_profile` SET `invite_code`='2Z7ZN7' WHERE ( id = 160 ) [ RunTime:0.0004s ]
SQL: UPDATE `qs_user_profile` SET `invite_code`='Q7VHQU' WHERE ( id = 163 ) [ RunTime:0.0003s ]
SQL: UPDATE `qs_user_profile` SET `invite_code`='RHXS2H' WHERE ( id = 188 ) [ RunTime:0.0003s ]
SQL: UPDATE `qs_user_profile` SET `invite_code`='ZQ0ADT' WHERE ( id = 189 ) [ RunTime:0.0004s ]
SQL: UPDATE `qs_user_profile` SET `invite_code`='3F5B7Z' WHERE ( id = 265 ) [ RunTime:0.0003s ]
SQL: UPDATE `qs_user_profile` SET `invite_code`='14Q9IO' WHERE ( id = 124 ) [ RunTime:0.0004s ]
SQL: UPDATE `qs_user_profile` SET `invite_code`='AVDXZP' WHERE ( id = 113 ) [ RunTime:0.0003s ]
SQL: UPDATE `qs_user_profile` SET `invite_code`='KPG0S5' WHERE ( id = 133 ) [ RunTime:0.0003s ]
SQL: UPDATE `qs_user_profile` SET `invite_code`='DOYPUE' WHERE ( id = 152 ) [ RunTime:0.0003s ]
SQL: UPDATE `qs_user_profile` SET `invite_code`='Y5VU5B' WHERE ( id = 243 ) [ RunTime:0.0003s ]
SQL: UPDATE `qs_user_profile` SET `invite_code`='C7JTV5' WHERE ( id = 335 ) [ RunTime:0.0003s ]
SQL: UPDATE `qs_user_profile` SET `invite_code`='63BO1G' WHERE ( id = 424 ) [ RunTime:0.0003s ]
SQL: UPDATE `qs_user_profile` SET `invite_code`='AVB5U8' WHERE ( id = 620 ) [ RunTime:0.0004s ]
SQL: UPDATE `qs_user_profile` SET `invite_code`='NO97T1' WHERE ( id = 556 ) [ RunTime:0.0004s ]
SQL: UPDATE `qs_user_profile` SET `invite_code`='B2NE6E' WHERE ( id = 578 ) [ RunTime:0.0004s ]
SQL: UPDATE `qs_user_profile` SET `invite_code`='K9D1UE' WHERE ( id = 666 ) [ RunTime:0.0004s ]
SQL: UPDATE `qs_user_profile` SET `invite_code`='JZE296' WHERE ( id = 544 ) [ RunTime:0.0004s ]
SQL: UPDATE `qs_user_profile` SET `invite_code`='RJAMEG' WHERE ( id = 641 ) [ RunTime:0.0003s ]
SQL: UPDATE `qs_user_profile` SET `invite_code`='84B6S8' WHERE ( id = 26 ) [ RunTime:0.0003s ]
SQL: UPDATE `qs_user_profile` SET `invite_code`='3USL2Q' WHERE ( id = 15 ) [ RunTime:0.0003s ]
SQL: UPDATE `qs_user_profile` SET `invite_code`='QZZ47A' WHERE ( id = 12 ) [ RunTime:0.0003s ]
SQL: UPDATE `qs_user_profile` SET `invite_code`='NO3OJX' WHERE ( id = 156 ) [ RunTime:0.0003s ]
SQL: UPDATE `qs_user_profile` SET `invite_code`='7UUT90' WHERE ( id = 72 ) [ RunTime:0.0003s ]
SQL: UPDATE `qs_user_profile` SET `invite_code`='E1JEFS' WHERE ( id = 19 ) [ RunTime:0.0003s ]
SQL: UPDATE `qs_user_profile` SET `invite_code`='9WLWKU' WHERE ( id = 18 ) [ RunTime:0.0003s ]
SQL: UPDATE `qs_user_profile` SET `invite_code`='MPZ6Z2' WHERE ( id = 42 ) [ RunTime:0.0003s ]
SQL: UPDATE `qs_user_profile` SET `invite_code`='I6RNRV' WHERE ( id = 34 ) [ RunTime:0.0003s ]
SQL: UPDATE `qs_user_profile` SET `invite_code`='MQZ1FK' WHERE ( id = 50 ) [ RunTime:0.0003s ]
SQL: UPDATE `qs_user_profile` SET `invite_code`='QSA0DS' WHERE ( id = 51 ) [ RunTime:0.0014s ]
SQL: UPDATE `qs_user_profile` SET `invite_code`='V0UXIN' WHERE ( id = 488 ) [ RunTime:0.0003s ]
SQL: UPDATE `qs_user_profile` SET `invite_code`='YGE3E7' WHERE ( id = 52 ) [ RunTime:0.0003s ]
SQL: UPDATE `qs_user_profile` SET `invite_code`='ABDC5G' WHERE ( id = 60 ) [ RunTime:0.0003s ]
SQL: UPDATE `qs_user_profile` SET `invite_code`='LRBZW6' WHERE ( id = 57 ) [ RunTime:0.0003s ]
SQL: UPDATE `qs_user_profile` SET `invite_code`='ZKR3ZY' WHERE ( id = 59 ) [ RunTime:0.0003s ]
SQL: UPDATE `qs_user_profile` SET `invite_code`='44LEJQ' WHERE ( id = 500 ) [ RunTime:0.0003s ]
SQL: UPDATE `qs_user_profile` SET `invite_code`='C2NGPH' WHERE ( id = 66 ) [ RunTime:0.0003s ]
SQL: UPDATE `qs_user_profile` SET `invite_code`='UAJ87U' WHERE ( id = 71 ) [ RunTime:0.0003s ]
SQL: UPDATE `qs_user_profile` SET `invite_code`='UA9H7Q' WHERE ( id = 98 ) [ RunTime:0.0003s ]
SQL: UPDATE `qs_user_profile` SET `invite_code`='5ZZE86' WHERE ( id = 69 ) [ RunTime:0.0003s ]
SQL: UPDATE `qs_user_profile` SET `invite_code`='DMVXWJ' WHERE ( id = 74 ) [ RunTime:0.0004s ]
SQL: UPDATE `qs_user_profile` SET `invite_code`='8E1VIW' WHERE ( id = 77 ) [ RunTime:0.0003s ]
SQL: UPDATE `qs_user_profile` SET `invite_code`='L36SJB' WHERE ( id = 76 ) [ RunTime:0.0003s ]
SQL: UPDATE `qs_user_profile` SET `invite_code`='K72TBQ' WHERE ( id = 337 ) [ RunTime:0.0003s ]
SQL: UPDATE `qs_user_profile` SET `invite_code`='F7MYRO' WHERE ( id = 354 ) [ RunTime:0.0003s ]
SQL: UPDATE `qs_user_profile` SET `invite_code`='8LKIQO' WHERE ( id = 143 ) [ RunTime:0.0003s ]
SQL: UPDATE `qs_user_profile` SET `invite_code`='6GH9PA' WHERE ( id = 282 ) [ RunTime:0.0003s ]
SQL: UPDATE `qs_user_profile` SET `invite_code`='WJC52P' WHERE ( id = 172 ) [ RunTime:0.0003s ]
SQL: UPDATE `qs_user_profile` SET `invite_code`='8PMF4V' WHERE ( id = 182 ) [ RunTime:0.0003s ]
SQL: UPDATE `qs_user_profile` SET `invite_code`='NTO9JX' WHERE ( id = 179 ) [ RunTime:0.0003s ]
SQL: UPDATE `qs_user_profile` SET `invite_code`='HMIAVV' WHERE ( id = 196 ) [ RunTime:0.0003s ]
SQL: UPDATE `qs_user_profile` SET `invite_code`='P9Y9ZJ' WHERE ( id = 181 ) [ RunTime:0.0003s ]
SQL: UPDATE `qs_user_profile` SET `invite_code`='WMEO74' WHERE ( id = 178 ) [ RunTime:0.0003s ]
SQL: UPDATE `qs_user_profile` SET `invite_code`='R904PR' WHERE ( id = 187 ) [ RunTime:0.0003s ]
SQL: UPDATE `qs_user_profile` SET `invite_code`='FBTDP7' WHERE ( id = 205 ) [ RunTime:0.0003s ]
SQL: UPDATE `qs_user_profile` SET `invite_code`='8V1E2K' WHERE ( id = 201 ) [ RunTime:0.0003s ]
SQL: UPDATE `qs_user_profile` SET `invite_code`='XJF40G' WHERE ( id = 202 ) [ RunTime:0.0003s ]
SQL: UPDATE `qs_user_profile` SET `invite_code`='NJR5LR' WHERE ( id = 212 ) [ RunTime:0.0003s ]
SQL: UPDATE `qs_user_profile` SET `invite_code`='443KXG' WHERE ( id = 211 ) [ RunTime:0.0003s ]
SQL: UPDATE `qs_user_profile` SET `invite_code`='GMQWTT' WHERE ( id = 217 ) [ RunTime:0.0003s ]
SQL: UPDATE `qs_user_profile` SET `invite_code`='5QN2XQ' WHERE ( id = 226 ) [ RunTime:0.0003s ]
SQL: UPDATE `qs_user_profile` SET `invite_code`='CKZYES' WHERE ( id = 225 ) [ RunTime:0.0003s ]
SQL: UPDATE `qs_user_profile` SET `invite_code`='B3J4Z9' WHERE ( id = 220 ) [ RunTime:0.0003s ]
SQL: UPDATE `qs_user_profile` SET `invite_code`='0U312N' WHERE ( id = 227 ) [ RunTime:0.0003s ]
SQL: UPDATE `qs_user_profile` SET `invite_code`='MNISV1' WHERE ( id = 228 ) [ RunTime:0.0003s ]
SQL: UPDATE `qs_user_profile` SET `invite_code`='NAQ80Y' WHERE ( id = 235 ) [ RunTime:0.0003s ]
SQL: UPDATE `qs_user_profile` SET `invite_code`='6KALRV' WHERE ( id = 327 ) [ RunTime:0.0003s ]
SQL: UPDATE `qs_user_profile` SET `invite_code`='JPGEMK' WHERE ( id = 276 ) [ RunTime:0.0003s ]
SQL: UPDATE `qs_user_profile` SET `invite_code`='DBIYW7' WHERE ( id = 263 ) [ RunTime:0.0003s ]
SQL: UPDATE `qs_user_profile` SET `invite_code`='AZ0UNG' WHERE ( id = 277 ) [ RunTime:0.0003s ]
SQL: UPDATE `qs_user_profile` SET `invite_code`='A6DI1A' WHERE ( id = 278 ) [ RunTime:0.0003s ]
SQL: UPDATE `qs_user_profile` SET `invite_code`='UPM9CR' WHERE ( id = 297 ) [ RunTime:0.0004s ]
SQL: UPDATE `qs_user_profile` SET `invite_code`='NPQXAY' WHERE ( id = 299 ) [ RunTime:0.0003s ]
SQL: UPDATE `qs_user_profile` SET `invite_code`='KN52AO' WHERE ( id = 311 ) [ RunTime:0.0003s ]
SQL: UPDATE `qs_user_profile` SET `invite_code`='9LO9NZ' WHERE ( id = 312 ) [ RunTime:0.0003s ]
SQL: UPDATE `qs_user_profile` SET `invite_code`='QACFUD' WHERE ( id = 315 ) [ RunTime:0.0003s ]
SQL: UPDATE `qs_user_profile` SET `invite_code`='C6V4NQ' WHERE ( id = 313 ) [ RunTime:0.0003s ]
SQL: UPDATE `qs_user_profile` SET `invite_code`='HKTGV6' WHERE ( id = 318 ) [ RunTime:0.0003s ]
SQL: UPDATE `qs_user_profile` SET `invite_code`='EQR4UM' WHERE ( id = 307 ) [ RunTime:0.0003s ]
SQL: UPDATE `qs_user_profile` SET `invite_code`='N82TZX' WHERE ( id = 319 ) [ RunTime:0.0003s ]
SQL: UPDATE `qs_user_profile` SET `invite_code`='1SFSK8' WHERE ( id = 515 ) [ RunTime:0.0003s ]
SQL: UPDATE `qs_user_profile` SET `invite_code`='QX8DX4' WHERE ( id = 323 ) [ RunTime:0.0003s ]
SQL: UPDATE `qs_user_profile` SET `invite_code`='XHY40Z' WHERE ( id = 326 ) [ RunTime:0.0003s ]
SQL: UPDATE `qs_user_profile` SET `invite_code`='BRPXPG' WHERE ( id = 371 ) [ RunTime:0.0003s ]
SQL: UPDATE `qs_user_profile` SET `invite_code`='ZCCHLT' WHERE ( id = 349 ) [ RunTime:0.0004s ]
SQL: UPDATE `qs_user_profile` SET `invite_code`='VSGBOC' WHERE ( id = 350 ) [ RunTime:0.0004s ]
SQL: UPDATE `qs_user_profile` SET `invite_code`='3C5L2F' WHERE ( id = 380 ) [ RunTime:0.0003s ]
SQL: UPDATE `qs_user_profile` SET `invite_code`='JMWJEH' WHERE ( id = 353 ) [ RunTime:0.0003s ]
SQL: UPDATE `qs_user_profile` SET `invite_code`='1GNPVD' WHERE ( id = 367 ) [ RunTime:0.0003s ]
SQL: UPDATE `qs_user_profile` SET `invite_code`='TS8LOI' WHERE ( id = 363 ) [ RunTime:0.0003s ]
SQL: UPDATE `qs_user_profile` SET `invite_code`='PA9UI1' WHERE ( id = 397 ) [ RunTime:0.0003s ]
SQL: UPDATE `qs_user_profile` SET `invite_code`='VVPF3S' WHERE ( id = 403 ) [ RunTime:0.0003s ]
SQL: UPDATE `qs_user_profile` SET `invite_code`='ZSG8OG' WHERE ( id = 395 ) [ RunTime:0.0003s ]
SQL: UPDATE `qs_user_profile` SET `invite_code`='SE6Z8L' WHERE ( id = 423 ) [ RunTime:0.0003s ]
SQL: UPDATE `qs_user_profile` SET `invite_code`='6N962M' WHERE ( id = 436 ) [ RunTime:0.0003s ]
SQL: UPDATE `qs_user_profile` SET `invite_code`='2YGCRV' WHERE ( id = 490 ) [ RunTime:0.0003s ]
SQL: UPDATE `qs_user_profile` SET `invite_code`='13WWIW' WHERE ( id = 494 ) [ RunTime:0.0004s ]
SQL: UPDATE `qs_user_profile` SET `invite_code`='AOGFKM' WHERE ( id = 546 ) [ RunTime:0.0004s ]
SQL: UPDATE `qs_user_profile` SET `invite_code`='MDX41C' WHERE ( id = 512 ) [ RunTime:0.0003s ]
SQL: UPDATE `qs_user_profile` SET `invite_code`='XJCE1Q' WHERE ( id = 520 ) [ RunTime:0.0003s ]
SQL: UPDATE `qs_user_profile` SET `invite_code`='8FJOC6' WHERE ( id = 550 ) [ RunTime:0.0003s ]
SQL: UPDATE `qs_user_profile` SET `invite_code`='CO0ODD' WHERE ( id = 559 ) [ RunTime:0.0004s ]
SQL: UPDATE `qs_user_profile` SET `invite_code`='BRG4K9' WHERE ( id = 539 ) [ RunTime:0.0003s ]
SQL: UPDATE `qs_user_profile` SET `invite_code`='KW28PR' WHERE ( id = 573 ) [ RunTime:0.0003s ]
SQL: UPDATE `qs_user_profile` SET `invite_code`='JY2926' WHERE ( id = 571 ) [ RunTime:0.0003s ]
SQL: UPDATE `qs_user_profile` SET `invite_code`='KD4F0P' WHERE ( id = 619 ) [ RunTime:0.0003s ]
SQL: UPDATE `qs_user_profile` SET `invite_code`='YP1NNM' WHERE ( id = 592 ) [ RunTime:0.0004s ]
SQL: UPDATE `qs_user_profile` SET `invite_code`='U9JIXF' WHERE ( id = 487 ) [ RunTime:0.0003s ]
SQL: UPDATE `qs_user_profile` SET `invite_code`='W45GSG' WHERE ( id = 496 ) [ RunTime:0.0003s ]
SQL: UPDATE `qs_user_profile` SET `invite_code`='PZSCAZ' WHERE ( id = 507 ) [ RunTime:0.0003s ]
SQL: UPDATE `qs_user_profile` SET `invite_code`='HHM0PI' WHERE ( id = 513 ) [ RunTime:0.0003s ]
SQL: UPDATE `qs_user_profile` SET `invite_code`='ASZK2O' WHERE ( id = 357 ) [ RunTime:0.0002s ]
SQL: UPDATE `qs_user_profile` SET `invite_code`='7BNFHV' WHERE ( id = 356 ) [ RunTime:0.0003s ]
SQL: UPDATE `qs_user_profile` SET `invite_code`='L1GXUY' WHERE ( id = 413 ) [ RunTime:0.0003s ]
SQL: UPDATE `qs_user_profile` SET `invite_code`='9N2K3Y' WHERE ( id = 377 ) [ RunTime:0.0003s ]
SQL: UPDATE `qs_user_profile` SET `invite_code`='S5ONTD' WHERE ( id = 379 ) [ RunTime:0.0003s ]
SQL: UPDATE `qs_user_profile` SET `invite_code`='Q1N3VI' WHERE ( id = 365 ) [ RunTime:0.0004s ]
SQL: UPDATE `qs_user_profile` SET `invite_code`='48Q453' WHERE ( id = 370 ) [ RunTime:0.0003s ]
SQL: UPDATE `qs_user_profile` SET `invite_code`='XGWO5D' WHERE ( id = 418 ) [ RunTime:0.0003s ]
SQL: UPDATE `qs_user_profile` SET `invite_code`='9Q98IH' WHERE ( id = 422 ) [ RunTime:0.0003s ]
SQL: UPDATE `qs_user_profile` SET `invite_code`='L60N0R' WHERE ( id = 425 ) [ RunTime:0.0003s ]
SQL: UPDATE `qs_user_profile` SET `invite_code`='EFS8HA' WHERE ( id = 434 ) [ RunTime:0.0003s ]
SQL: UPDATE `qs_user_profile` SET `invite_code`='Q1E22E' WHERE ( id = 609 ) [ RunTime:0.0003s ]
SQL: UPDATE `qs_user_profile` SET `invite_code`='4Z6YPV' WHERE ( id = 261 ) [ RunTime:0.0003s ]
SQL: UPDATE `qs_user_profile` SET `invite_code`='H4ZKU5' WHERE ( id = 269 ) [ RunTime:0.0004s ]
SQL: UPDATE `qs_user_profile` SET `invite_code`='AHUUMI' WHERE ( id = 267 ) [ RunTime:0.0003s ]
SQL: UPDATE `qs_user_profile` SET `invite_code`='POM7OF' WHERE ( id = 284 ) [ RunTime:0.0003s ]
SQL: UPDATE `qs_user_profile` SET `invite_code`='UCTQWB' WHERE ( id = 325 ) [ RunTime:0.0004s ]
SQL: UPDATE `qs_user_profile` SET `invite_code`='TT54JL' WHERE ( id = 427 ) [ RunTime:0.0003s ]
SQL: UPDATE `qs_user_profile` SET `invite_code`='GFTJ70' WHERE ( id = 27 ) [ RunTime:0.0003s ]
SQL: UPDATE `qs_user_profile` SET `invite_code`='VCWSKH' WHERE ( id = 462 ) [ RunTime:0.0003s ]
SQL: UPDATE `qs_user_profile` SET `invite_code`='1EGX08' WHERE ( id = 510 ) [ RunTime:0.0003s ]
SQL: UPDATE `qs_user_profile` SET `invite_code`='MWUE1M' WHERE ( id = 521 ) [ RunTime:0.0003s ]
SQL: UPDATE `qs_user_profile` SET `invite_code`='FVEU5P' WHERE ( id = 580 ) [ RunTime:0.0003s ]
SQL: UPDATE `qs_user_profile` SET `invite_code`='1HHVJ7' WHERE ( id = 585 ) [ RunTime:0.0003s ]
SQL: UPDATE `qs_user_profile` SET `invite_code`='R90WHJ' WHERE ( id = 29 ) [ RunTime:0.0003s ]
SQL: UPDATE `qs_user_profile` SET `invite_code`='VV6GET' WHERE ( id = 28 ) [ RunTime:0.0005s ]
SQL: UPDATE `qs_user_profile` SET `invite_code`='JKS60D' WHERE ( id = 598 ) [ RunTime:0.0005s ]
SQL: UPDATE `qs_user_profile` SET `invite_code`='F1Z63X' WHERE ( id = 37 ) [ RunTime:0.0006s ]
SQL: UPDATE `qs_user_profile` SET `invite_code`='2SV24D' WHERE ( id = 67 ) [ RunTime:0.0004s ]
SQL: UPDATE `qs_user_profile` SET `invite_code`='A6A0Y2' WHERE ( id = 53 ) [ RunTime:0.0003s ]
SQL: UPDATE `qs_user_profile` SET `invite_code`='33RPHG' WHERE ( id = 62 ) [ RunTime:0.0003s ]
SQL: UPDATE `qs_user_profile` SET `invite_code`='AFUC43' WHERE ( id = 83 ) [ RunTime:0.0003s ]
SQL: UPDATE `qs_user_profile` SET `invite_code`='Y9CEJ5' WHERE ( id = 89 ) [ RunTime:0.0003s ]
SQL: UPDATE `qs_user_profile` SET `invite_code`='T9YAIS' WHERE ( id = 120 ) [ RunTime:0.0003s ]
SQL: UPDATE `qs_user_profile` SET `invite_code`='MAX3CA' WHERE ( id = 123 ) [ RunTime:0.0003s ]
SQL: UPDATE `qs_user_profile` SET `invite_code`='1CJLI1' WHERE ( id = 135 ) [ RunTime:0.0003s ]
SQL: UPDATE `qs_user_profile` SET `invite_code`='LG9IA6' WHERE ( id = 194 ) [ RunTime:0.0003s ]
SQL: UPDATE `qs_user_profile` SET `invite_code`='HOJJGK' WHERE ( id = 210 ) [ RunTime:0.0003s ]
SQL: UPDATE `qs_user_profile` SET `invite_code`='K8C76E' WHERE ( id = 208 ) [ RunTime:0.0003s ]
SQL: UPDATE `qs_user_profile` SET `invite_code`='YK5C35' WHERE ( id = 241 ) [ RunTime:0.0003s ]
SQL: UPDATE `qs_user_profile` SET `invite_code`='JMU401' WHERE ( id = 239 ) [ RunTime:0.0003s ]
SQL: UPDATE `qs_user_profile` SET `invite_code`='5A5WQ8' WHERE ( id = 251 ) [ RunTime:0.0003s ]
SQL: UPDATE `qs_user_profile` SET `invite_code`='SMDSTN' WHERE ( id = 268 ) [ RunTime:0.0003s ]
SQL: UPDATE `qs_user_profile` SET `invite_code`='YT1I1B' WHERE ( id = 530 ) [ RunTime:0.0003s ]
SQL: UPDATE `qs_user_profile` SET `invite_code`='LHMVG2' WHERE ( id = 273 ) [ RunTime:0.0003s ]
SQL: UPDATE `qs_user_profile` SET `invite_code`='V1YV9R' WHERE ( id = 283 ) [ RunTime:0.0003s ]
SQL: UPDATE `qs_user_profile` SET `invite_code`='J4R69J' WHERE ( id = 306 ) [ RunTime:0.0003s ]
SQL: UPDATE `qs_user_profile` SET `invite_code`='XO6IXM' WHERE ( id = 320 ) [ RunTime:0.0003s ]
SQL: UPDATE `qs_user_profile` SET `invite_code`='AMNLJB' WHERE ( id = 386 ) [ RunTime:0.0003s ]
SQL: UPDATE `qs_user_profile` SET `invite_code`='C4PHZA' WHERE ( id = 491 ) [ RunTime:0.0003s ]
SQL: UPDATE `qs_user_profile` SET `invite_code`='P7COBJ' WHERE ( id = 516 ) [ RunTime:0.0003s ]
SQL: UPDATE `qs_user_profile` SET `invite_code`='L4GMCM' WHERE ( id = 517 ) [ RunTime:0.0003s ]
SQL: UPDATE `qs_user_profile` SET `invite_code`='LGNW8M' WHERE ( id = 493 ) [ RunTime:0.0003s ]
SQL: UPDATE `qs_user_profile` SET `invite_code`='QRMC6E' WHERE ( id = 534 ) [ RunTime:0.0003s ]
SQL: UPDATE `qs_user_profile` SET `invite_code`='87VLZU' WHERE ( id = 555 ) [ RunTime:0.0002s ]
SQL: UPDATE `qs_user_profile` SET `invite_code`='768JDP' WHERE ( id = 533 ) [ RunTime:0.0003s ]
SQL: UPDATE `qs_user_profile` SET `invite_code`='IN9LTG' WHERE ( id = 551 ) [ RunTime:0.0003s ]
SQL: UPDATE `qs_user_profile` SET `invite_code`='JF36RW' WHERE ( id = 547 ) [ RunTime:0.0003s ]
SQL: UPDATE `qs_user_profile` SET `invite_code`='9BL3T9' WHERE ( id = 549 ) [ RunTime:0.0002s ]
SQL: UPDATE `qs_user_profile` SET `invite_code`='KOHTZ3' WHERE ( id = 590 ) [ RunTime:0.0003s ]
SQL: UPDATE `qs_user_profile` SET `invite_code`='MVTW9B' WHERE ( id = 568 ) [ RunTime:0.0002s ]
SQL: UPDATE `qs_user_profile` SET `invite_code`='IEDKFZ' WHERE ( id = 652 ) [ RunTime:0.0002s ]
SQL: UPDATE `qs_user_profile` SET `invite_code`='H5R02D' WHERE ( id = 658 ) [ RunTime:0.0002s ]
SQL: UPDATE `qs_user_profile` SET `invite_code`='R38U0D' WHERE ( id = 449 ) [ RunTime:0.0002s ]
SQL: UPDATE `qs_user_profile` SET `invite_code`='E9CHTI' WHERE ( id = 1 ) [ RunTime:0.0002s ]
SQL:  select u.id id,u.mobile mobile, p.name name, p.nick_name , p.reg_time , p.login_time,p.logout_time,p.stay_time,p.remark ,p.invite_code ,p.head_img,u.status,p.account_left ,p.remark,p.amt_money from qs_user u, qs_user_profile p  where u.id=p.id and find_in_set(3, u.groups)  [ RunTime:0.0017s ]
SQL:  select u.id id,u.mobile mobile, p.name name, p.nick_name , p.reg_time , p.login_time,p.logout_time,p.stay_time,p.remark ,p.invite_code ,p.head_img,u.status,p.account_left ,p.remark,p.amt_money from qs_user u, qs_user_profile p  where u.id=p.id and find_in_set(3, u.groups)  order by p.reg_time desc , p.login_time desc limit 0,20 [ RunTime:0.0048s ]
SQL: select count(*) releaseCnt from qs_books b where b.isup=1 and b.uid=673 [ RunTime:0.0007s ]
SQL: select count(*) draftCnt from qs_books b where b.isup=0 and b.uid=673 [ RunTime:0.0004s ]
SQL: select count(*) readCnt from  qs_user_read_history h where h.status=1 and h.type=0 and h.uid=673 [ RunTime:0.0011s ]
SQL: select count(*) favoriteCnt from  qs_user_read_history h where h.status=1 and h.type=1 and h.uid=673 [ RunTime:0.0010s ]
SQL: select u.name username, t.name labelname, u.id uid,t.id lid from  qs_user_profile u , qs_user_label l, qs_type_list t where u.id=l.cid  and t.status=1 and l.lid=t.id and l.uid=673 order by t.sort_num [ RunTime:0.0007s ]
SQL:  SELECT s.uid, s.lid ,round(avg(s.score) ,1) as score,t.name  FROM qs_type_list t left join qs_user_score s   on t.id=s.lid   where t.type=3 and t.status=1   and s.uid=  673 group by s.uid,s.lid   [ RunTime:0.0005s ]
SQL: select count(*) releaseCnt from qs_books b where b.isup=1 and b.uid=672 [ RunTime:0.0004s ]
SQL: select count(*) draftCnt from qs_books b where b.isup=0 and b.uid=672 [ RunTime:0.0004s ]
SQL: select count(*) readCnt from  qs_user_read_history h where h.status=1 and h.type=0 and h.uid=672 [ RunTime:0.0009s ]
SQL: select count(*) favoriteCnt from  qs_user_read_history h where h.status=1 and h.type=1 and h.uid=672 [ RunTime:0.0009s ]
SQL: select u.name username, t.name labelname, u.id uid,t.id lid from  qs_user_profile u , qs_user_label l, qs_type_list t where u.id=l.cid  and t.status=1 and l.lid=t.id and l.uid=672 order by t.sort_num [ RunTime:0.0002s ]
SQL:  SELECT s.uid, s.lid ,round(avg(s.score) ,1) as score,t.name  FROM qs_type_list t left join qs_user_score s   on t.id=s.lid   where t.type=3 and t.status=1   and s.uid=  672 group by s.uid,s.lid   [ RunTime:0.0013s ]
SQL: select count(*) releaseCnt from qs_books b where b.isup=1 and b.uid=671 [ RunTime:0.0004s ]
SQL: select count(*) draftCnt from qs_books b where b.isup=0 and b.uid=671 [ RunTime:0.0004s ]
SQL: select count(*) readCnt from  qs_user_read_history h where h.status=1 and h.type=0 and h.uid=671 [ RunTime:0.0011s ]
SQL: select count(*) favoriteCnt from  qs_user_read_history h where h.status=1 and h.type=1 and h.uid=671 [ RunTime:0.0011s ]
SQL: select u.name username, t.name labelname, u.id uid,t.id lid from  qs_user_profile u , qs_user_label l, qs_type_list t where u.id=l.cid  and t.status=1 and l.lid=t.id and l.uid=671 order by t.sort_num [ RunTime:0.0003s ]
SQL:  SELECT s.uid, s.lid ,round(avg(s.score) ,1) as score,t.name  FROM qs_type_list t left join qs_user_score s   on t.id=s.lid   where t.type=3 and t.status=1   and s.uid=  671 group by s.uid,s.lid   [ RunTime:0.0003s ]
SQL: select count(*) releaseCnt from qs_books b where b.isup=1 and b.uid=670 [ RunTime:0.0004s ]
SQL: select count(*) draftCnt from qs_books b where b.isup=0 and b.uid=670 [ RunTime:0.0004s ]
SQL: select count(*) readCnt from  qs_user_read_history h where h.status=1 and h.type=0 and h.uid=670 [ RunTime:0.0010s ]
SQL: select count(*) favoriteCnt from  qs_user_read_history h where h.status=1 and h.type=1 and h.uid=670 [ RunTime:0.0009s ]
SQL: select u.name username, t.name labelname, u.id uid,t.id lid from  qs_user_profile u , qs_user_label l, qs_type_list t where u.id=l.cid  and t.status=1 and l.lid=t.id and l.uid=670 order by t.sort_num [ RunTime:0.0014s ]
SQL:  SELECT s.uid, s.lid ,round(avg(s.score) ,1) as score,t.name  FROM qs_type_list t left join qs_user_score s   on t.id=s.lid   where t.type=3 and t.status=1   and s.uid=  670 group by s.uid,s.lid   [ RunTime:0.0003s ]
SQL: select count(*) releaseCnt from qs_books b where b.isup=1 and b.uid=669 [ RunTime:0.0003s ]
SQL: select count(*) draftCnt from qs_books b where b.isup=0 and b.uid=669 [ RunTime:0.0003s ]
SQL: select count(*) readCnt from  qs_user_read_history h where h.status=1 and h.type=0 and h.uid=669 [ RunTime:0.0011s ]
SQL: select count(*) favoriteCnt from  qs_user_read_history h where h.status=1 and h.type=1 and h.uid=669 [ RunTime:0.0010s ]
SQL: select u.name username, t.name labelname, u.id uid,t.id lid from  qs_user_profile u , qs_user_label l, qs_type_list t where u.id=l.cid  and t.status=1 and l.lid=t.id and l.uid=669 order by t.sort_num [ RunTime:0.0003s ]
SQL:  SELECT s.uid, s.lid ,round(avg(s.score) ,1) as score,t.name  FROM qs_type_list t left join qs_user_score s   on t.id=s.lid   where t.type=3 and t.status=1   and s.uid=  669 group by s.uid,s.lid   [ RunTime:0.0003s ]
SQL: select count(*) releaseCnt from qs_books b where b.isup=1 and b.uid=668 [ RunTime:0.0004s ]
SQL: select count(*) draftCnt from qs_books b where b.isup=0 and b.uid=668 [ RunTime:0.0004s ]
SQL: select count(*) readCnt from  qs_user_read_history h where h.status=1 and h.type=0 and h.uid=668 [ RunTime:0.0009s ]
SQL: select count(*) favoriteCnt from  qs_user_read_history h where h.status=1 and h.type=1 and h.uid=668 [ RunTime:0.0010s ]
SQL: select u.name username, t.name labelname, u.id uid,t.id lid from  qs_user_profile u , qs_user_label l, qs_type_list t where u.id=l.cid  and t.status=1 and l.lid=t.id and l.uid=668 order by t.sort_num [ RunTime:0.0003s ]
SQL:  SELECT s.uid, s.lid ,round(avg(s.score) ,1) as score,t.name  FROM qs_type_list t left join qs_user_score s   on t.id=s.lid   where t.type=3 and t.status=1   and s.uid=  668 group by s.uid,s.lid   [ RunTime:0.0003s ]
SQL: select count(*) releaseCnt from qs_books b where b.isup=1 and b.uid=667 [ RunTime:0.0004s ]
SQL: select count(*) draftCnt from qs_books b where b.isup=0 and b.uid=667 [ RunTime:0.0004s ]
SQL: select count(*) readCnt from  qs_user_read_history h where h.status=1 and h.type=0 and h.uid=667 [ RunTime:0.0010s ]
SQL: select count(*) favoriteCnt from  qs_user_read_history h where h.status=1 and h.type=1 and h.uid=667 [ RunTime:0.0010s ]
SQL: select u.name username, t.name labelname, u.id uid,t.id lid from  qs_user_profile u , qs_user_label l, qs_type_list t where u.id=l.cid  and t.status=1 and l.lid=t.id and l.uid=667 order by t.sort_num [ RunTime:0.0003s ]
SQL:  SELECT s.uid, s.lid ,round(avg(s.score) ,1) as score,t.name  FROM qs_type_list t left join qs_user_score s   on t.id=s.lid   where t.type=3 and t.status=1   and s.uid=  667 group by s.uid,s.lid   [ RunTime:0.0003s ]
SQL: select count(*) releaseCnt from qs_books b where b.isup=1 and b.uid=666 [ RunTime:0.0004s ]
SQL: select count(*) draftCnt from qs_books b where b.isup=0 and b.uid=666 [ RunTime:0.0004s ]
SQL: select count(*) readCnt from  qs_user_read_history h where h.status=1 and h.type=0 and h.uid=666 [ RunTime:0.0010s ]
SQL: select count(*) favoriteCnt from  qs_user_read_history h where h.status=1 and h.type=1 and h.uid=666 [ RunTime:0.0009s ]
SQL: select u.name username, t.name labelname, u.id uid,t.id lid from  qs_user_profile u , qs_user_label l, qs_type_list t where u.id=l.cid  and t.status=1 and l.lid=t.id and l.uid=666 order by t.sort_num [ RunTime:0.0003s ]
SQL:  SELECT s.uid, s.lid ,round(avg(s.score) ,1) as score,t.name  FROM qs_type_list t left join qs_user_score s   on t.id=s.lid   where t.type=3 and t.status=1   and s.uid=  666 group by s.uid,s.lid   [ RunTime:0.0003s ]
SQL: select count(*) releaseCnt from qs_books b where b.isup=1 and b.uid=665 [ RunTime:0.0004s ]
SQL: select count(*) draftCnt from qs_books b where b.isup=0 and b.uid=665 [ RunTime:0.0004s ]
SQL: select count(*) readCnt from  qs_user_read_history h where h.status=1 and h.type=0 and h.uid=665 [ RunTime:0.0009s ]
SQL: select count(*) favoriteCnt from  qs_user_read_history h where h.status=1 and h.type=1 and h.uid=665 [ RunTime:0.0009s ]
SQL: select u.name username, t.name labelname, u.id uid,t.id lid from  qs_user_profile u , qs_user_label l, qs_type_list t where u.id=l.cid  and t.status=1 and l.lid=t.id and l.uid=665 order by t.sort_num [ RunTime:0.0003s ]
SQL:  SELECT s.uid, s.lid ,round(avg(s.score) ,1) as score,t.name  FROM qs_type_list t left join qs_user_score s   on t.id=s.lid   where t.type=3 and t.status=1   and s.uid=  665 group by s.uid,s.lid   [ RunTime:0.0003s ]
SQL: select count(*) releaseCnt from qs_books b where b.isup=1 and b.uid=664 [ RunTime:0.0004s ]
SQL: select count(*) draftCnt from qs_books b where b.isup=0 and b.uid=664 [ RunTime:0.0004s ]
SQL: select count(*) readCnt from  qs_user_read_history h where h.status=1 and h.type=0 and h.uid=664 [ RunTime:0.0010s ]
SQL: select count(*) favoriteCnt from  qs_user_read_history h where h.status=1 and h.type=1 and h.uid=664 [ RunTime:0.0011s ]
SQL: select u.name username, t.name labelname, u.id uid,t.id lid from  qs_user_profile u , qs_user_label l, qs_type_list t where u.id=l.cid  and t.status=1 and l.lid=t.id and l.uid=664 order by t.sort_num [ RunTime:0.0003s ]
SQL:  SELECT s.uid, s.lid ,round(avg(s.score) ,1) as score,t.name  FROM qs_type_list t left join qs_user_score s   on t.id=s.lid   where t.type=3 and t.status=1   and s.uid=  664 group by s.uid,s.lid   [ RunTime:0.0003s ]
SQL: select count(*) releaseCnt from qs_books b where b.isup=1 and b.uid=663 [ RunTime:0.0004s ]
SQL: select count(*) draftCnt from qs_books b where b.isup=0 and b.uid=663 [ RunTime:0.0004s ]
SQL: select count(*) readCnt from  qs_user_read_history h where h.status=1 and h.type=0 and h.uid=663 [ RunTime:0.0010s ]
SQL: select count(*) favoriteCnt from  qs_user_read_history h where h.status=1 and h.type=1 and h.uid=663 [ RunTime:0.0009s ]
SQL: select u.name username, t.name labelname, u.id uid,t.id lid from  qs_user_profile u , qs_user_label l, qs_type_list t where u.id=l.cid  and t.status=1 and l.lid=t.id and l.uid=663 order by t.sort_num [ RunTime:0.0003s ]
SQL:  SELECT s.uid, s.lid ,round(avg(s.score) ,1) as score,t.name  FROM qs_type_list t left join qs_user_score s   on t.id=s.lid   where t.type=3 and t.status=1   and s.uid=  663 group by s.uid,s.lid   [ RunTime:0.0003s ]
SQL: select count(*) releaseCnt from qs_books b where b.isup=1 and b.uid=662 [ RunTime:0.0003s ]
SQL: select count(*) draftCnt from qs_books b where b.isup=0 and b.uid=662 [ RunTime:0.0004s ]
SQL: select count(*) readCnt from  qs_user_read_history h where h.status=1 and h.type=0 and h.uid=662 [ RunTime:0.0009s ]
SQL: select count(*) favoriteCnt from  qs_user_read_history h where h.status=1 and h.type=1 and h.uid=662 [ RunTime:0.0010s ]
SQL: select u.name username, t.name labelname, u.id uid,t.id lid from  qs_user_profile u , qs_user_label l, qs_type_list t where u.id=l.cid  and t.status=1 and l.lid=t.id and l.uid=662 order by t.sort_num [ RunTime:0.0003s ]
SQL:  SELECT s.uid, s.lid ,round(avg(s.score) ,1) as score,t.name  FROM qs_type_list t left join qs_user_score s   on t.id=s.lid   where t.type=3 and t.status=1   and s.uid=  662 group by s.uid,s.lid   [ RunTime:0.0003s ]
SQL: select count(*) releaseCnt from qs_books b where b.isup=1 and b.uid=661 [ RunTime:0.0004s ]
SQL: select count(*) draftCnt from qs_books b where b.isup=0 and b.uid=661 [ RunTime:0.0004s ]
SQL: select count(*) readCnt from  qs_user_read_history h where h.status=1 and h.type=0 and h.uid=661 [ RunTime:0.0009s ]
SQL: select count(*) favoriteCnt from  qs_user_read_history h where h.status=1 and h.type=1 and h.uid=661 [ RunTime:0.0009s ]
SQL: select u.name username, t.name labelname, u.id uid,t.id lid from  qs_user_profile u , qs_user_label l, qs_type_list t where u.id=l.cid  and t.status=1 and l.lid=t.id and l.uid=661 order by t.sort_num [ RunTime:0.0003s ]
SQL:  SELECT s.uid, s.lid ,round(avg(s.score) ,1) as score,t.name  FROM qs_type_list t left join qs_user_score s   on t.id=s.lid   where t.type=3 and t.status=1   and s.uid=  661 group by s.uid,s.lid   [ RunTime:0.0003s ]
SQL: select count(*) releaseCnt from qs_books b where b.isup=1 and b.uid=660 [ RunTime:0.0003s ]
SQL: select count(*) draftCnt from qs_books b where b.isup=0 and b.uid=660 [ RunTime:0.0004s ]
SQL: select count(*) readCnt from  qs_user_read_history h where h.status=1 and h.type=0 and h.uid=660 [ RunTime:0.0010s ]
SQL: select count(*) favoriteCnt from  qs_user_read_history h where h.status=1 and h.type=1 and h.uid=660 [ RunTime:0.0010s ]
SQL: select u.name username, t.name labelname, u.id uid,t.id lid from  qs_user_profile u , qs_user_label l, qs_type_list t where u.id=l.cid  and t.status=1 and l.lid=t.id and l.uid=660 order by t.sort_num [ RunTime:0.0003s ]
SQL:  SELECT s.uid, s.lid ,round(avg(s.score) ,1) as score,t.name  FROM qs_type_list t left join qs_user_score s   on t.id=s.lid   where t.type=3 and t.status=1   and s.uid=  660 group by s.uid,s.lid   [ RunTime:0.0002s ]
SQL: select count(*) releaseCnt from qs_books b where b.isup=1 and b.uid=659 [ RunTime:0.0003s ]
SQL: select count(*) draftCnt from qs_books b where b.isup=0 and b.uid=659 [ RunTime:0.0004s ]
SQL: select count(*) readCnt from  qs_user_read_history h where h.status=1 and h.type=0 and h.uid=659 [ RunTime:0.0010s ]
SQL: select count(*) favoriteCnt from  qs_user_read_history h where h.status=1 and h.type=1 and h.uid=659 [ RunTime:0.0010s ]
SQL: select u.name username, t.name labelname, u.id uid,t.id lid from  qs_user_profile u , qs_user_label l, qs_type_list t where u.id=l.cid  and t.status=1 and l.lid=t.id and l.uid=659 order by t.sort_num [ RunTime:0.0003s ]
SQL:  SELECT s.uid, s.lid ,round(avg(s.score) ,1) as score,t.name  FROM qs_type_list t left join qs_user_score s   on t.id=s.lid   where t.type=3 and t.status=1   and s.uid=  659 group by s.uid,s.lid   [ RunTime:0.0003s ]
SQL: select count(*) releaseCnt from qs_books b where b.isup=1 and b.uid=658 [ RunTime:0.0003s ]
SQL: select count(*) draftCnt from qs_books b where b.isup=0 and b.uid=658 [ RunTime:0.0003s ]
SQL: select count(*) readCnt from  qs_user_read_history h where h.status=1 and h.type=0 and h.uid=658 [ RunTime:0.0009s ]
SQL: select count(*) favoriteCnt from  qs_user_read_history h where h.status=1 and h.type=1 and h.uid=658 [ RunTime:0.0010s ]
SQL: select u.name username, t.name labelname, u.id uid,t.id lid from  qs_user_profile u , qs_user_label l, qs_type_list t where u.id=l.cid  and t.status=1 and l.lid=t.id and l.uid=658 order by t.sort_num [ RunTime:0.0002s ]
SQL:  SELECT s.uid, s.lid ,round(avg(s.score) ,1) as score,t.name  FROM qs_type_list t left join qs_user_score s   on t.id=s.lid   where t.type=3 and t.status=1   and s.uid=  658 group by s.uid,s.lid   [ RunTime:0.0002s ]
SQL: select count(*) releaseCnt from qs_books b where b.isup=1 and b.uid=657 [ RunTime:0.0003s ]
SQL: select count(*) draftCnt from qs_books b where b.isup=0 and b.uid=657 [ RunTime:0.0003s ]
SQL: select count(*) readCnt from  qs_user_read_history h where h.status=1 and h.type=0 and h.uid=657 [ RunTime:0.0010s ]
SQL: select count(*) favoriteCnt from  qs_user_read_history h where h.status=1 and h.type=1 and h.uid=657 [ RunTime:0.0010s ]
SQL: select u.name username, t.name labelname, u.id uid,t.id lid from  qs_user_profile u , qs_user_label l, qs_type_list t where u.id=l.cid  and t.status=1 and l.lid=t.id and l.uid=657 order by t.sort_num [ RunTime:0.0003s ]
SQL:  SELECT s.uid, s.lid ,round(avg(s.score) ,1) as score,t.name  FROM qs_type_list t left join qs_user_score s   on t.id=s.lid   where t.type=3 and t.status=1   and s.uid=  657 group by s.uid,s.lid   [ RunTime:0.0002s ]
SQL: select count(*) releaseCnt from qs_books b where b.isup=1 and b.uid=656 [ RunTime:0.0004s ]
SQL: select count(*) draftCnt from qs_books b where b.isup=0 and b.uid=656 [ RunTime:0.0004s ]
SQL: select count(*) readCnt from  qs_user_read_history h where h.status=1 and h.type=0 and h.uid=656 [ RunTime:0.0011s ]
SQL: select count(*) favoriteCnt from  qs_user_read_history h where h.status=1 and h.type=1 and h.uid=656 [ RunTime:0.0010s ]
SQL: select u.name username, t.name labelname, u.id uid,t.id lid from  qs_user_profile u , qs_user_label l, qs_type_list t where u.id=l.cid  and t.status=1 and l.lid=t.id and l.uid=656 order by t.sort_num [ RunTime:0.0003s ]
SQL:  SELECT s.uid, s.lid ,round(avg(s.score) ,1) as score,t.name  FROM qs_type_list t left join qs_user_score s   on t.id=s.lid   where t.type=3 and t.status=1   and s.uid=  656 group by s.uid,s.lid   [ RunTime:0.0003s ]
SQL: select count(*) releaseCnt from qs_books b where b.isup=1 and b.uid=655 [ RunTime:0.0003s ]
SQL: select count(*) draftCnt from qs_books b where b.isup=0 and b.uid=655 [ RunTime:0.0004s ]
SQL: select count(*) readCnt from  qs_user_read_history h where h.status=1 and h.type=0 and h.uid=655 [ RunTime:0.0009s ]
SQL: select count(*) favoriteCnt from  qs_user_read_history h where h.status=1 and h.type=1 and h.uid=655 [ RunTime:0.0010s ]
SQL: select u.name username, t.name labelname, u.id uid,t.id lid from  qs_user_profile u , qs_user_label l, qs_type_list t where u.id=l.cid  and t.status=1 and l.lid=t.id and l.uid=655 order by t.sort_num [ RunTime:0.0002s ]
SQL:  SELECT s.uid, s.lid ,round(avg(s.score) ,1) as score,t.name  FROM qs_type_list t left join qs_user_score s   on t.id=s.lid   where t.type=3 and t.status=1   and s.uid=  655 group by s.uid,s.lid   [ RunTime:0.0002s ]
SQL: select count(*) releaseCnt from qs_books b where b.isup=1 and b.uid=654 [ RunTime:0.0004s ]
SQL: select count(*) draftCnt from qs_books b where b.isup=0 and b.uid=654 [ RunTime:0.0003s ]
SQL: select count(*) readCnt from  qs_user_read_history h where h.status=1 and h.type=0 and h.uid=654 [ RunTime:0.0009s ]
SQL: select count(*) favoriteCnt from  qs_user_read_history h where h.status=1 and h.type=1 and h.uid=654 [ RunTime:0.0010s ]
SQL: select u.name username, t.name labelname, u.id uid,t.id lid from  qs_user_profile u , qs_user_label l, qs_type_list t where u.id=l.cid  and t.status=1 and l.lid=t.id and l.uid=654 order by t.sort_num [ RunTime:0.0002s ]
SQL:  SELECT s.uid, s.lid ,round(avg(s.score) ,1) as score,t.name  FROM qs_type_list t left join qs_user_score s   on t.id=s.lid   where t.type=3 and t.status=1   and s.uid=  654 group by s.uid,s.lid   [ RunTime:0.0002s ]
SQL: select * from qs_type_list where status=1 and type =3 order by sort_num [ RunTime:0.0004s ]
SQL: select * from qs_type_list where status=1 and type =9 order by sort_num [ RunTime:0.0003s ]
INFO: [ view_parse ] --START--
INFO: [ template_filter ] --START--
INFO: Run Behavior\ContentReplaceBehavior [ RunTime:0.000188s ]
INFO: [ template_filter ] --END-- [ RunTime:0.000293s ]
NOTIC: [8] Undefined variable: type /Users/LiXin/PhpstormProjects/adm/Application/Runtime/Cache/Home/830f322ea4c6b230dd2510342aefccd2.php 第 113 行.
NOTIC: [8] Undefined variable: type /Users/LiXin/PhpstormProjects/adm/Application/Runtime/Cache/Home/830f322ea4c6b230dd2510342aefccd2.php 第 116 行.
NOTIC: [8] Undefined variable: showMenu /Users/LiXin/PhpstormProjects/adm/Application/Runtime/Cache/Home/830f322ea4c6b230dd2510342aefccd2.php 第 135 行.
NOTIC: [8] Undefined variable: showMenu /Users/LiXin/PhpstormProjects/adm/Application/Runtime/Cache/Home/830f322ea4c6b230dd2510342aefccd2.php 第 139 行.
NOTIC: [8] Undefined variable: type /Users/LiXin/PhpstormProjects/adm/Application/Runtime/Cache/Home/830f322ea4c6b230dd2510342aefccd2.php 第 157 行.
NOTIC: [8] Undefined variable: type /Users/LiXin/PhpstormProjects/adm/Application/Runtime/Cache/Home/830f322ea4c6b230dd2510342aefccd2.php 第 161 行.
NOTIC: [8] Undefined variable: type /Users/LiXin/PhpstormProjects/adm/Application/Runtime/Cache/Home/830f322ea4c6b230dd2510342aefccd2.php 第 165 行.
NOTIC: [8] Undefined variable: type /Users/LiXin/PhpstormProjects/adm/Application/Runtime/Cache/Home/830f322ea4c6b230dd2510342aefccd2.php 第 169 行.
NOTIC: [8] Undefined variable: type /Users/LiXin/PhpstormProjects/adm/Application/Runtime/Cache/Home/830f322ea4c6b230dd2510342aefccd2.php 第 173 行.
NOTIC: [8] Undefined variable: showMenu /Users/LiXin/PhpstormProjects/adm/Application/Runtime/Cache/Home/830f322ea4c6b230dd2510342aefccd2.php 第 193 行.
NOTIC: [8] Undefined variable: showMenu /Users/LiXin/PhpstormProjects/adm/Application/Runtime/Cache/Home/830f322ea4c6b230dd2510342aefccd2.php 第 197 行.
NOTIC: [8] Undefined variable: showMenu /Users/LiXin/PhpstormProjects/adm/Application/Runtime/Cache/Home/830f322ea4c6b230dd2510342aefccd2.php 第 201 行.
NOTIC: [8] Undefined variable: scoreName /Users/LiXin/PhpstormProjects/adm/Application/Runtime/Cache/Home/830f322ea4c6b230dd2510342aefccd2.php 第 222 行.
INFO: Run Behavior\ParseTemplateBehavior [ RunTime:0.059298s ]
INFO: [ view_parse ] --END-- [ RunTime:0.059397s ]
INFO: [ view_filter ] --START--
INFO: Run Behavior\WriteHtmlCacheBehavior [ RunTime:0.000166s ]
INFO: [ view_filter ] --END-- [ RunTime:0.000251s ]
INFO: [ app_end ] --START--
INFO: Run Behavior\ShowPageTraceBehavior [ RunTime:0.000639s ]
INFO: [ app_end ] --END-- [ RunTime:0.000738s ]

[ 2016-09-29T12:09:13+08:00 ] ::1 /index.php/Login/logout
INFO: [ app_init ] --START--
INFO: Run Behavior\BuildLiteBehavior [ RunTime:0.000022s ]
INFO: [ app_init ] --END-- [ RunTime:0.000376s ]
INFO: [ app_begin ] --START--
INFO: Run Behavior\ReadHtmlCacheBehavior [ RunTime:0.000383s ]
INFO: [ app_begin ] --END-- [ RunTime:0.000470s ]
SQL: SHOW COLUMNS FROM `qs_user_log` [ RunTime:0.0021s ]
SQL:  select id from qs_user_log where user_id= 64  and login_time=(select max(login_time) from qs_user_log where user_id=64)  [ RunTime:0.0030s ]
SQL: UPDATE `qs_user_log` SET `logout_time`='2016' WHERE ( id=79 ) [ RunTime:0.0015s ]
SQL: SHOW COLUMNS FROM `qs_user` [ RunTime:0.0005s ]
SQL: SELECT * FROM `qs_user` WHERE `id` = 64 LIMIT 1   [ RunTime:0.0002s ]
SQL: SHOW COLUMNS FROM `qs_user_profile` [ RunTime:0.0005s ]
SQL: SELECT * FROM `qs_user_profile` WHERE ( 1=1 AND id='64' ) LIMIT 1   [ RunTime:0.0003s ]
NOTIC: [8] Undefined offset: 0 /Users/LiXin/PhpstormProjects/adm/ThinkPHP/Library/Think/Db/Driver.class.php 第 373 行.
SQL: UPDATE `qs_user` SET `id`='64',`mobile`='13671587455',`password`='0b121cdd10e7c826e7e0dd13cf606e78',`type`='1',`access_token`='',`groups`='3,6,2',`status`='1' WHERE `id` = 64 [ RunTime:0.0004s ]
NOTIC: [8] Undefined index: mapping_name /Users/LiXin/PhpstormProjects/adm/ThinkPHP/Library/Think/Model/RelationModel.class.php 第 259 行.
SQL: UPDATE `qs_user_profile` SET `id`='64',`name`='李欣',`nick_name`='小飞侠',`email`=NULL,`sex`='1',`age`='3',`birthday`=NULL,`profile`=NULL,`head_img`='1474264803_64.jpg',`level`=NULL,`country`=NULL,`province`=NULL,`city`=NULL,`address`=NULL,`amt_money`='2000.00',`get_money`='100.00',`account_left`='2231.00',`uptime`=NULL,`reg_time`='1465056000',`reg_ip`=NULL,`rec_user_id`=NULL,`reg_from`=NULL,`invite_code`='4FEM6T',`login_time`='2016-09-29 12:08:57',`logout_time`='2016-09-29 12:09:13',`stay_time`='16\"',`remark`=NULL,`status`=NULL WHERE `id` = 64 [ RunTime:0.0022s ]

[ 2016-09-29T12:09:13+08:00 ] ::1 /index.php/Login/login.html
INFO: [ app_init ] --START--
INFO: Run Behavior\BuildLiteBehavior [ RunTime:0.000023s ]
INFO: [ app_init ] --END-- [ RunTime:0.000375s ]
INFO: [ app_begin ] --START--
INFO: Run Behavior\ReadHtmlCacheBehavior [ RunTime:0.000383s ]
INFO: [ app_begin ] --END-- [ RunTime:0.000470s ]
INFO: [ view_parse ] --START--
INFO: [ template_filter ] --START--
INFO: Run Behavior\ContentReplaceBehavior [ RunTime:0.000057s ]
INFO: [ template_filter ] --END-- [ RunTime:0.000153s ]
NOTIC: [8] Undefined variable: mobile /Users/LiXin/PhpstormProjects/adm/Application/Runtime/Cache/Home/50c9f5d2ef37c2cf131d5cf1381d3a4b.php 第 27 行.
NOTIC: [8] Undefined index: err_msg /Users/LiXin/PhpstormProjects/adm/Application/Runtime/Cache/Home/50c9f5d2ef37c2cf131d5cf1381d3a4b.php 第 40 行.
INFO: Run Behavior\ParseTemplateBehavior [ RunTime:0.006273s ]
INFO: [ view_parse ] --END-- [ RunTime:0.006359s ]
INFO: [ view_filter ] --START--
INFO: Run Behavior\WriteHtmlCacheBehavior [ RunTime:0.000134s ]
INFO: [ view_filter ] --END-- [ RunTime:0.000213s ]
INFO: [ app_end ] --START--
INFO: Run Behavior\ShowPageTraceBehavior [ RunTime:0.000410s ]
INFO: [ app_end ] --END-- [ RunTime:0.000492s ]

