[ 2016-09-08T11:00:38+08:00 ] ::1 /
INFO: [ app_init ] --START--
INFO: Run Behavior\BuildLiteBehavior [ RunTime:0.000078s ]
INFO: [ app_init ] --END-- [ RunTime:0.002668s ]
INFO: [ app_begin ] --START--
INFO: Run Behavior\ReadHtmlCacheBehavior [ RunTime:0.001035s ]
INFO: [ app_begin ] --END-- [ RunTime:0.001324s ]
INFO: [ view_parse ] --START--
INFO: [ template_filter ] --START--
INFO: Run Behavior\ContentReplaceBehavior [ RunTime:0.000675s ]
INFO: [ template_filter ] --END-- [ RunTime:0.000944s ]
NOTIC: [8] Undefined variable: mobile /Users/LiXin/PhpstormProjects/adm/Application/Runtime/Cache/Home/50c9f5d2ef37c2cf131d5cf1381d3a4b.php 第 27 行.
NOTIC: [8] Undefined index: err_msg /Users/LiXin/PhpstormProjects/adm/Application/Runtime/Cache/Home/50c9f5d2ef37c2cf131d5cf1381d3a4b.php 第 40 行.
INFO: Run Behavior\ParseTemplateBehavior [ RunTime:0.013758s ]
INFO: [ view_parse ] --END-- [ RunTime:0.014048s ]
INFO: [ view_filter ] --START--
INFO: Run Behavior\WriteHtmlCacheBehavior [ RunTime:0.000594s ]
INFO: [ view_filter ] --END-- [ RunTime:0.000832s ]
INFO: [ app_end ] --START--
INFO: Run Behavior\ShowPageTraceBehavior [ RunTime:0.000971s ]
INFO: [ app_end ] --END-- [ RunTime:0.001235s ]

