[ 2016-09-20T16:10:44+08:00 ] ::1 /index.php/Index/index
INFO: [ app_init ] --START--
INFO: Run Behavior\BuildLiteBehavior [ RunTime:0.000070s ]
INFO: [ app_init ] --END-- [ RunTime:0.000983s ]
INFO: [ app_begin ] --START--
INFO: Run Behavior\ReadHtmlCacheBehavior [ RunTime:0.001003s ]
INFO: [ app_begin ] --END-- [ RunTime:0.001271s ]
SQL: SHOW COLUMNS FROM `qs_user` [ RunTime:0.0006s ]
SQL: SHOW COLUMNS FROM `qs_books` [ RunTime:0.0004s ]
SQL: SHOW COLUMNS FROM `qs_user_pay_history` [ RunTime:0.0004s ]
SQL: SHOW COLUMNS FROM `qs_user_read_history` [ RunTime:0.0004s ]
SQL: SELECT COUNT(*) AS tp_count FROM `qs_user` LIMIT 1   [ RunTime:0.0004s ]
SQL: SELECT COUNT(*) AS tp_count FROM `qs_books` WHERE ( isup=1 ) LIMIT 1   [ RunTime:0.0005s ]
SQL: SELECT COUNT(*) AS tp_count FROM `qs_books` LIMIT 1   [ RunTime:0.0002s ]
SQL: SELECT  count(*) cnt,bid   FROM  qs_user_read_history WHERE time BETWEEN UNIX_TIMESTAMP('2016-09-19 00:00:00') and UNIX_TIMESTAMP ('2016-09-19 23:59:59') GROUP BY bid order by cnt desc LIMIT 0,1 [ RunTime:0.0015s ]
INFO: [ view_parse ] --START--
INFO: [ template_filter ] --START--
INFO: Run Behavior\ContentReplaceBehavior [ RunTime:0.000202s ]
INFO: [ template_filter ] --END-- [ RunTime:0.000432s ]
NOTIC: [8] Undefined variable: SHOW_MENU /Users/LiXin/PhpstormProjects/adm/Application/Runtime/Cache/Home/2a94b8bda04ff446dcedd42276fc99ee.php 第 84 行.
NOTIC: [8] Undefined variable: SHOW_MENU /Users/LiXin/PhpstormProjects/adm/Application/Runtime/Cache/Home/2a94b8bda04ff446dcedd42276fc99ee.php 第 97 行.
NOTIC: [8] Undefined variable: SHOW_MENU /Users/LiXin/PhpstormProjects/adm/Application/Runtime/Cache/Home/2a94b8bda04ff446dcedd42276fc99ee.php 第 110 行.
NOTIC: [8] Undefined variable: type /Users/LiXin/PhpstormProjects/adm/Application/Runtime/Cache/Home/2a94b8bda04ff446dcedd42276fc99ee.php 第 113 行.
NOTIC: [8] Undefined variable: type /Users/LiXin/PhpstormProjects/adm/Application/Runtime/Cache/Home/2a94b8bda04ff446dcedd42276fc99ee.php 第 116 行.
NOTIC: [8] Undefined variable: SHOW_MENU /Users/LiXin/PhpstormProjects/adm/Application/Runtime/Cache/Home/2a94b8bda04ff446dcedd42276fc99ee.php 第 131 行.
NOTIC: [8] Undefined variable: showMenu /Users/LiXin/PhpstormProjects/adm/Application/Runtime/Cache/Home/2a94b8bda04ff446dcedd42276fc99ee.php 第 135 行.
NOTIC: [8] Undefined variable: showMenu /Users/LiXin/PhpstormProjects/adm/Application/Runtime/Cache/Home/2a94b8bda04ff446dcedd42276fc99ee.php 第 139 行.
NOTIC: [8] Undefined variable: SHOW_MENU /Users/LiXin/PhpstormProjects/adm/Application/Runtime/Cache/Home/2a94b8bda04ff446dcedd42276fc99ee.php 第 153 行.
NOTIC: [8] Undefined variable: type /Users/LiXin/PhpstormProjects/adm/Application/Runtime/Cache/Home/2a94b8bda04ff446dcedd42276fc99ee.php 第 157 行.
NOTIC: [8] Undefined variable: type /Users/LiXin/PhpstormProjects/adm/Application/Runtime/Cache/Home/2a94b8bda04ff446dcedd42276fc99ee.php 第 161 行.
NOTIC: [8] Undefined variable: type /Users/LiXin/PhpstormProjects/adm/Application/Runtime/Cache/Home/2a94b8bda04ff446dcedd42276fc99ee.php 第 165 行.
NOTIC: [8] Undefined variable: type /Users/LiXin/PhpstormProjects/adm/Application/Runtime/Cache/Home/2a94b8bda04ff446dcedd42276fc99ee.php 第 169 行.
NOTIC: [8] Undefined variable: type /Users/LiXin/PhpstormProjects/adm/Application/Runtime/Cache/Home/2a94b8bda04ff446dcedd42276fc99ee.php 第 173 行.
NOTIC: [8] Undefined variable: SHOW_MENU /Users/LiXin/PhpstormProjects/adm/Application/Runtime/Cache/Home/2a94b8bda04ff446dcedd42276fc99ee.php 第 189 行.
NOTIC: [8] Undefined variable: showMenu /Users/LiXin/PhpstormProjects/adm/Application/Runtime/Cache/Home/2a94b8bda04ff446dcedd42276fc99ee.php 第 193 行.
NOTIC: [8] Undefined variable: showMenu /Users/LiXin/PhpstormProjects/adm/Application/Runtime/Cache/Home/2a94b8bda04ff446dcedd42276fc99ee.php 第 197 行.
NOTIC: [8] Undefined variable: showMenu /Users/LiXin/PhpstormProjects/adm/Application/Runtime/Cache/Home/2a94b8bda04ff446dcedd42276fc99ee.php 第 201 行.
INFO: Run Behavior\ParseTemplateBehavior [ RunTime:0.035240s ]
INFO: [ view_parse ] --END-- [ RunTime:0.035481s ]
INFO: [ view_filter ] --START--
INFO: Run Behavior\WriteHtmlCacheBehavior [ RunTime:0.000512s ]
INFO: [ view_filter ] --END-- [ RunTime:0.000756s ]
INFO: [ app_end ] --START--
INFO: Run Behavior\ShowPageTraceBehavior [ RunTime:0.001057s ]
INFO: [ app_end ] --END-- [ RunTime:0.001394s ]

[ 2016-09-20T18:33:57+08:00 ] ::1 /index.php/Book/bookList
INFO: [ app_init ] --START--
INFO: Run Behavior\BuildLiteBehavior [ RunTime:0.000058s ]
INFO: [ app_init ] --END-- [ RunTime:0.000644s ]
INFO: [ app_begin ] --START--
INFO: Run Behavior\ReadHtmlCacheBehavior [ RunTime:0.000506s ]
INFO: [ app_begin ] --END-- [ RunTime:0.000736s ]
SQL: select * from qs_type_list where status=1 and type =1 order by sort_num desc [ RunTime:0.0006s ]
SQL: select * from qs_type_list where status=1 and type =4 order by sort_num [ RunTime:0.0004s ]
SQL: select * from qs_type_list where status=1 and type =2 order by sort_num [ RunTime:0.0003s ]
SQL:  select b.*,b.utime uptime,u.id authorid,u.nick_name authorname from qs_books b, qs_user_profile u where u.id=b.uid and b.type<>0   [ RunTime:0.0014s ]
SQL:  select b.*,b.utime uptime,u.id authorid,u.nick_name authorname from qs_books b, qs_user_profile u where u.id=b.uid and b.type<>0   order by b.utime desc,b.etime desc,b.ctime desc limit 0,20 [ RunTime:0.0007s ]
SQL:  SELECT t.id lid, t.name lname, u.id cid ,u.name username   FROM qs_type_list t , qs_book_label l,qs_user_profile u  where t.id=l.lid and l.cid = u.id and t.type=2 and t.status=1 and l.bid=662 [ RunTime:0.0004s ]
SQL:  SELECT s.bid, s.lid ,round(avg(s.score) ,1) as score,t.name  FROM qs_type_list t left join qs_book_score s   on t.id=s.lid   where t.type=4 and t.status=1   and s.bid=  662 group by s.bid,s.lid   [ RunTime:0.0005s ]
SQL:  SELECT *  FROM qs_book_price_history   where bid=662 order by time desc   [ RunTime:0.0003s ]
SQL:  SELECT t.id lid, t.name lname, u.id cid ,u.name username   FROM qs_type_list t , qs_book_label l,qs_user_profile u  where t.id=l.lid and l.cid = u.id and t.type=2 and t.status=1 and l.bid=661 [ RunTime:0.0002s ]
SQL:  SELECT s.bid, s.lid ,round(avg(s.score) ,1) as score,t.name  FROM qs_type_list t left join qs_book_score s   on t.id=s.lid   where t.type=4 and t.status=1   and s.bid=  661 group by s.bid,s.lid   [ RunTime:0.0003s ]
SQL:  SELECT *  FROM qs_book_price_history   where bid=661 order by time desc   [ RunTime:0.0003s ]
SQL:  SELECT t.id lid, t.name lname, u.id cid ,u.name username   FROM qs_type_list t , qs_book_label l,qs_user_profile u  where t.id=l.lid and l.cid = u.id and t.type=2 and t.status=1 and l.bid=659 [ RunTime:0.0004s ]
SQL:  SELECT s.bid, s.lid ,round(avg(s.score) ,1) as score,t.name  FROM qs_type_list t left join qs_book_score s   on t.id=s.lid   where t.type=4 and t.status=1   and s.bid=  659 group by s.bid,s.lid   [ RunTime:0.0003s ]
SQL:  SELECT *  FROM qs_book_price_history   where bid=659 order by time desc   [ RunTime:0.0002s ]
SQL:  SELECT t.id lid, t.name lname, u.id cid ,u.name username   FROM qs_type_list t , qs_book_label l,qs_user_profile u  where t.id=l.lid and l.cid = u.id and t.type=2 and t.status=1 and l.bid=658 [ RunTime:0.0003s ]
SQL:  SELECT s.bid, s.lid ,round(avg(s.score) ,1) as score,t.name  FROM qs_type_list t left join qs_book_score s   on t.id=s.lid   where t.type=4 and t.status=1   and s.bid=  658 group by s.bid,s.lid   [ RunTime:0.0003s ]
SQL:  SELECT *  FROM qs_book_price_history   where bid=658 order by time desc   [ RunTime:0.0002s ]
SQL:  SELECT t.id lid, t.name lname, u.id cid ,u.name username   FROM qs_type_list t , qs_book_label l,qs_user_profile u  where t.id=l.lid and l.cid = u.id and t.type=2 and t.status=1 and l.bid=573 [ RunTime:0.0003s ]
SQL:  SELECT s.bid, s.lid ,round(avg(s.score) ,1) as score,t.name  FROM qs_type_list t left join qs_book_score s   on t.id=s.lid   where t.type=4 and t.status=1   and s.bid=  573 group by s.bid,s.lid   [ RunTime:0.0003s ]
SQL:  SELECT *  FROM qs_book_price_history   where bid=573 order by time desc   [ RunTime:0.0002s ]
SQL:  SELECT t.id lid, t.name lname, u.id cid ,u.name username   FROM qs_type_list t , qs_book_label l,qs_user_profile u  where t.id=l.lid and l.cid = u.id and t.type=2 and t.status=1 and l.bid=656 [ RunTime:0.0003s ]
SQL:  SELECT s.bid, s.lid ,round(avg(s.score) ,1) as score,t.name  FROM qs_type_list t left join qs_book_score s   on t.id=s.lid   where t.type=4 and t.status=1   and s.bid=  656 group by s.bid,s.lid   [ RunTime:0.0003s ]
SQL:  SELECT *  FROM qs_book_price_history   where bid=656 order by time desc   [ RunTime:0.0002s ]
SQL:  SELECT t.id lid, t.name lname, u.id cid ,u.name username   FROM qs_type_list t , qs_book_label l,qs_user_profile u  where t.id=l.lid and l.cid = u.id and t.type=2 and t.status=1 and l.bid=657 [ RunTime:0.0004s ]
SQL:  SELECT s.bid, s.lid ,round(avg(s.score) ,1) as score,t.name  FROM qs_type_list t left join qs_book_score s   on t.id=s.lid   where t.type=4 and t.status=1   and s.bid=  657 group by s.bid,s.lid   [ RunTime:0.0003s ]
SQL:  SELECT *  FROM qs_book_price_history   where bid=657 order by time desc   [ RunTime:0.0002s ]
SQL:  SELECT t.id lid, t.name lname, u.id cid ,u.name username   FROM qs_type_list t , qs_book_label l,qs_user_profile u  where t.id=l.lid and l.cid = u.id and t.type=2 and t.status=1 and l.bid=654 [ RunTime:0.0003s ]
SQL:  SELECT s.bid, s.lid ,round(avg(s.score) ,1) as score,t.name  FROM qs_type_list t left join qs_book_score s   on t.id=s.lid   where t.type=4 and t.status=1   and s.bid=  654 group by s.bid,s.lid   [ RunTime:0.0003s ]
SQL:  SELECT *  FROM qs_book_price_history   where bid=654 order by time desc   [ RunTime:0.0003s ]
SQL:  SELECT t.id lid, t.name lname, u.id cid ,u.name username   FROM qs_type_list t , qs_book_label l,qs_user_profile u  where t.id=l.lid and l.cid = u.id and t.type=2 and t.status=1 and l.bid=643 [ RunTime:0.0003s ]
SQL:  SELECT s.bid, s.lid ,round(avg(s.score) ,1) as score,t.name  FROM qs_type_list t left join qs_book_score s   on t.id=s.lid   where t.type=4 and t.status=1   and s.bid=  643 group by s.bid,s.lid   [ RunTime:0.0003s ]
SQL:  SELECT *  FROM qs_book_price_history   where bid=643 order by time desc   [ RunTime:0.0002s ]
SQL:  SELECT t.id lid, t.name lname, u.id cid ,u.name username   FROM qs_type_list t , qs_book_label l,qs_user_profile u  where t.id=l.lid and l.cid = u.id and t.type=2 and t.status=1 and l.bid=649 [ RunTime:0.0002s ]
SQL:  SELECT s.bid, s.lid ,round(avg(s.score) ,1) as score,t.name  FROM qs_type_list t left join qs_book_score s   on t.id=s.lid   where t.type=4 and t.status=1   and s.bid=  649 group by s.bid,s.lid   [ RunTime:0.0003s ]
SQL:  SELECT *  FROM qs_book_price_history   where bid=649 order by time desc   [ RunTime:0.0002s ]
SQL:  SELECT t.id lid, t.name lname, u.id cid ,u.name username   FROM qs_type_list t , qs_book_label l,qs_user_profile u  where t.id=l.lid and l.cid = u.id and t.type=2 and t.status=1 and l.bid=648 [ RunTime:0.0002s ]
SQL:  SELECT s.bid, s.lid ,round(avg(s.score) ,1) as score,t.name  FROM qs_type_list t left join qs_book_score s   on t.id=s.lid   where t.type=4 and t.status=1   and s.bid=  648 group by s.bid,s.lid   [ RunTime:0.0003s ]
SQL:  SELECT *  FROM qs_book_price_history   where bid=648 order by time desc   [ RunTime:0.0002s ]
SQL:  SELECT t.id lid, t.name lname, u.id cid ,u.name username   FROM qs_type_list t , qs_book_label l,qs_user_profile u  where t.id=l.lid and l.cid = u.id and t.type=2 and t.status=1 and l.bid=535 [ RunTime:0.0003s ]
SQL:  SELECT s.bid, s.lid ,round(avg(s.score) ,1) as score,t.name  FROM qs_type_list t left join qs_book_score s   on t.id=s.lid   where t.type=4 and t.status=1   and s.bid=  535 group by s.bid,s.lid   [ RunTime:0.0003s ]
SQL:  SELECT *  FROM qs_book_price_history   where bid=535 order by time desc   [ RunTime:0.0002s ]
SQL:  SELECT t.id lid, t.name lname, u.id cid ,u.name username   FROM qs_type_list t , qs_book_label l,qs_user_profile u  where t.id=l.lid and l.cid = u.id and t.type=2 and t.status=1 and l.bid=624 [ RunTime:0.0003s ]
SQL:  SELECT s.bid, s.lid ,round(avg(s.score) ,1) as score,t.name  FROM qs_type_list t left join qs_book_score s   on t.id=s.lid   where t.type=4 and t.status=1   and s.bid=  624 group by s.bid,s.lid   [ RunTime:0.0003s ]
SQL:  SELECT *  FROM qs_book_price_history   where bid=624 order by time desc   [ RunTime:0.0002s ]
SQL:  SELECT t.id lid, t.name lname, u.id cid ,u.name username   FROM qs_type_list t , qs_book_label l,qs_user_profile u  where t.id=l.lid and l.cid = u.id and t.type=2 and t.status=1 and l.bid=451 [ RunTime:0.0003s ]
SQL:  SELECT s.bid, s.lid ,round(avg(s.score) ,1) as score,t.name  FROM qs_type_list t left join qs_book_score s   on t.id=s.lid   where t.type=4 and t.status=1   and s.bid=  451 group by s.bid,s.lid   [ RunTime:0.0003s ]
SQL:  SELECT *  FROM qs_book_price_history   where bid=451 order by time desc   [ RunTime:0.0003s ]
SQL:  SELECT t.id lid, t.name lname, u.id cid ,u.name username   FROM qs_type_list t , qs_book_label l,qs_user_profile u  where t.id=l.lid and l.cid = u.id and t.type=2 and t.status=1 and l.bid=362 [ RunTime:0.0003s ]
SQL:  SELECT s.bid, s.lid ,round(avg(s.score) ,1) as score,t.name  FROM qs_type_list t left join qs_book_score s   on t.id=s.lid   where t.type=4 and t.status=1   and s.bid=  362 group by s.bid,s.lid   [ RunTime:0.0003s ]
SQL:  SELECT *  FROM qs_book_price_history   where bid=362 order by time desc   [ RunTime:0.0002s ]
SQL:  SELECT t.id lid, t.name lname, u.id cid ,u.name username   FROM qs_type_list t , qs_book_label l,qs_user_profile u  where t.id=l.lid and l.cid = u.id and t.type=2 and t.status=1 and l.bid=502 [ RunTime:0.0003s ]
SQL:  SELECT s.bid, s.lid ,round(avg(s.score) ,1) as score,t.name  FROM qs_type_list t left join qs_book_score s   on t.id=s.lid   where t.type=4 and t.status=1   and s.bid=  502 group by s.bid,s.lid   [ RunTime:0.0003s ]
SQL:  SELECT *  FROM qs_book_price_history   where bid=502 order by time desc   [ RunTime:0.0002s ]
SQL:  SELECT t.id lid, t.name lname, u.id cid ,u.name username   FROM qs_type_list t , qs_book_label l,qs_user_profile u  where t.id=l.lid and l.cid = u.id and t.type=2 and t.status=1 and l.bid=474 [ RunTime:0.0003s ]
SQL:  SELECT s.bid, s.lid ,round(avg(s.score) ,1) as score,t.name  FROM qs_type_list t left join qs_book_score s   on t.id=s.lid   where t.type=4 and t.status=1   and s.bid=  474 group by s.bid,s.lid   [ RunTime:0.0003s ]
SQL:  SELECT *  FROM qs_book_price_history   where bid=474 order by time desc   [ RunTime:0.0003s ]
SQL:  SELECT t.id lid, t.name lname, u.id cid ,u.name username   FROM qs_type_list t , qs_book_label l,qs_user_profile u  where t.id=l.lid and l.cid = u.id and t.type=2 and t.status=1 and l.bid=644 [ RunTime:0.0003s ]
SQL:  SELECT s.bid, s.lid ,round(avg(s.score) ,1) as score,t.name  FROM qs_type_list t left join qs_book_score s   on t.id=s.lid   where t.type=4 and t.status=1   and s.bid=  644 group by s.bid,s.lid   [ RunTime:0.0003s ]
SQL:  SELECT *  FROM qs_book_price_history   where bid=644 order by time desc   [ RunTime:0.0002s ]
SQL:  SELECT t.id lid, t.name lname, u.id cid ,u.name username   FROM qs_type_list t , qs_book_label l,qs_user_profile u  where t.id=l.lid and l.cid = u.id and t.type=2 and t.status=1 and l.bid=614 [ RunTime:0.0003s ]
SQL:  SELECT s.bid, s.lid ,round(avg(s.score) ,1) as score,t.name  FROM qs_type_list t left join qs_book_score s   on t.id=s.lid   where t.type=4 and t.status=1   and s.bid=  614 group by s.bid,s.lid   [ RunTime:0.0003s ]
SQL:  SELECT *  FROM qs_book_price_history   where bid=614 order by time desc   [ RunTime:0.0003s ]
SQL:  SELECT t.id lid, t.name lname, u.id cid ,u.name username   FROM qs_type_list t , qs_book_label l,qs_user_profile u  where t.id=l.lid and l.cid = u.id and t.type=2 and t.status=1 and l.bid=620 [ RunTime:0.0003s ]
SQL:  SELECT s.bid, s.lid ,round(avg(s.score) ,1) as score,t.name  FROM qs_type_list t left join qs_book_score s   on t.id=s.lid   where t.type=4 and t.status=1   and s.bid=  620 group by s.bid,s.lid   [ RunTime:0.0003s ]
SQL:  SELECT *  FROM qs_book_price_history   where bid=620 order by time desc   [ RunTime:0.0002s ]
INFO: [ view_parse ] --START--
INFO: [ template_filter ] --START--
INFO: Run Behavior\ContentReplaceBehavior [ RunTime:0.000228s ]
INFO: [ template_filter ] --END-- [ RunTime:0.000456s ]
NOTIC: [8] Undefined variable: type /Users/LiXin/PhpstormProjects/adm/Application/Runtime/Cache/Home/e9ba4ca79b186d0737265aad69b2c1e2.php 第 115 行.
NOTIC: [8] Undefined variable: type /Users/LiXin/PhpstormProjects/adm/Application/Runtime/Cache/Home/e9ba4ca79b186d0737265aad69b2c1e2.php 第 118 行.
NOTIC: [8] Undefined variable: showMenu /Users/LiXin/PhpstormProjects/adm/Application/Runtime/Cache/Home/e9ba4ca79b186d0737265aad69b2c1e2.php 第 137 行.
NOTIC: [8] Undefined variable: showMenu /Users/LiXin/PhpstormProjects/adm/Application/Runtime/Cache/Home/e9ba4ca79b186d0737265aad69b2c1e2.php 第 141 行.
NOTIC: [8] Undefined variable: type /Users/LiXin/PhpstormProjects/adm/Application/Runtime/Cache/Home/e9ba4ca79b186d0737265aad69b2c1e2.php 第 159 行.
NOTIC: [8] Undefined variable: type /Users/LiXin/PhpstormProjects/adm/Application/Runtime/Cache/Home/e9ba4ca79b186d0737265aad69b2c1e2.php 第 163 行.
NOTIC: [8] Undefined variable: type /Users/LiXin/PhpstormProjects/adm/Application/Runtime/Cache/Home/e9ba4ca79b186d0737265aad69b2c1e2.php 第 167 行.
NOTIC: [8] Undefined variable: type /Users/LiXin/PhpstormProjects/adm/Application/Runtime/Cache/Home/e9ba4ca79b186d0737265aad69b2c1e2.php 第 171 行.
NOTIC: [8] Undefined variable: type /Users/LiXin/PhpstormProjects/adm/Application/Runtime/Cache/Home/e9ba4ca79b186d0737265aad69b2c1e2.php 第 175 行.
NOTIC: [8] Undefined variable: showMenu /Users/LiXin/PhpstormProjects/adm/Application/Runtime/Cache/Home/e9ba4ca79b186d0737265aad69b2c1e2.php 第 195 行.
NOTIC: [8] Undefined variable: showMenu /Users/LiXin/PhpstormProjects/adm/Application/Runtime/Cache/Home/e9ba4ca79b186d0737265aad69b2c1e2.php 第 199 行.
NOTIC: [8] Undefined variable: showMenu /Users/LiXin/PhpstormProjects/adm/Application/Runtime/Cache/Home/e9ba4ca79b186d0737265aad69b2c1e2.php 第 203 行.
NOTIC: [8] Undefined variable: lidsName /Users/LiXin/PhpstormProjects/adm/Application/Runtime/Cache/Home/e9ba4ca79b186d0737265aad69b2c1e2.php 第 228 行.
NOTIC: [8] Undefined variable: scoreName /Users/LiXin/PhpstormProjects/adm/Application/Runtime/Cache/Home/e9ba4ca79b186d0737265aad69b2c1e2.php 第 230 行.
INFO: Run Behavior\ParseTemplateBehavior [ RunTime:0.081871s ]
INFO: [ view_parse ] --END-- [ RunTime:0.082101s ]
INFO: [ view_filter ] --START--
INFO: Run Behavior\WriteHtmlCacheBehavior [ RunTime:0.000212s ]
INFO: [ view_filter ] --END-- [ RunTime:0.000423s ]
INFO: [ app_end ] --START--
INFO: Run Behavior\ShowPageTraceBehavior [ RunTime:0.000516s ]
INFO: [ app_end ] --END-- [ RunTime:0.000738s ]

[ 2016-09-20T18:33:59+08:00 ] ::1 /index.php/Book/bookList
INFO: [ app_init ] --START--
INFO: Run Behavior\BuildLiteBehavior [ RunTime:0.000047s ]
INFO: [ app_init ] --END-- [ RunTime:0.000616s ]
INFO: [ app_begin ] --START--
INFO: Run Behavior\ReadHtmlCacheBehavior [ RunTime:0.000533s ]
INFO: [ app_begin ] --END-- [ RunTime:0.000770s ]
SQL: select * from qs_type_list where status=1 and type =1 order by sort_num desc [ RunTime:0.0005s ]
SQL: select * from qs_type_list where status=1 and type =4 order by sort_num [ RunTime:0.0003s ]
SQL: select * from qs_type_list where status=1 and type =2 order by sort_num [ RunTime:0.0003s ]
SQL:  select b.*,b.utime uptime,u.id authorid,u.nick_name authorname from qs_books b, qs_user_profile u where u.id=b.uid and b.type<>0   [ RunTime:0.0010s ]
SQL:  select b.*,b.utime uptime,u.id authorid,u.nick_name authorname from qs_books b, qs_user_profile u where u.id=b.uid and b.type<>0   order by b.utime desc,b.etime desc,b.ctime desc limit 0,20 [ RunTime:0.0005s ]
SQL:  SELECT t.id lid, t.name lname, u.id cid ,u.name username   FROM qs_type_list t , qs_book_label l,qs_user_profile u  where t.id=l.lid and l.cid = u.id and t.type=2 and t.status=1 and l.bid=662 [ RunTime:0.0003s ]
SQL:  SELECT s.bid, s.lid ,round(avg(s.score) ,1) as score,t.name  FROM qs_type_list t left join qs_book_score s   on t.id=s.lid   where t.type=4 and t.status=1   and s.bid=  662 group by s.bid,s.lid   [ RunTime:0.0003s ]
SQL:  SELECT *  FROM qs_book_price_history   where bid=662 order by time desc   [ RunTime:0.0003s ]
SQL:  SELECT t.id lid, t.name lname, u.id cid ,u.name username   FROM qs_type_list t , qs_book_label l,qs_user_profile u  where t.id=l.lid and l.cid = u.id and t.type=2 and t.status=1 and l.bid=661 [ RunTime:0.0003s ]
SQL:  SELECT s.bid, s.lid ,round(avg(s.score) ,1) as score,t.name  FROM qs_type_list t left join qs_book_score s   on t.id=s.lid   where t.type=4 and t.status=1   and s.bid=  661 group by s.bid,s.lid   [ RunTime:0.0003s ]
SQL:  SELECT *  FROM qs_book_price_history   where bid=661 order by time desc   [ RunTime:0.0002s ]
SQL:  SELECT t.id lid, t.name lname, u.id cid ,u.name username   FROM qs_type_list t , qs_book_label l,qs_user_profile u  where t.id=l.lid and l.cid = u.id and t.type=2 and t.status=1 and l.bid=659 [ RunTime:0.0004s ]
SQL:  SELECT s.bid, s.lid ,round(avg(s.score) ,1) as score,t.name  FROM qs_type_list t left join qs_book_score s   on t.id=s.lid   where t.type=4 and t.status=1   and s.bid=  659 group by s.bid,s.lid   [ RunTime:0.0003s ]
SQL:  SELECT *  FROM qs_book_price_history   where bid=659 order by time desc   [ RunTime:0.0002s ]
SQL:  SELECT t.id lid, t.name lname, u.id cid ,u.name username   FROM qs_type_list t , qs_book_label l,qs_user_profile u  where t.id=l.lid and l.cid = u.id and t.type=2 and t.status=1 and l.bid=658 [ RunTime:0.0003s ]
SQL:  SELECT s.bid, s.lid ,round(avg(s.score) ,1) as score,t.name  FROM qs_type_list t left join qs_book_score s   on t.id=s.lid   where t.type=4 and t.status=1   and s.bid=  658 group by s.bid,s.lid   [ RunTime:0.0003s ]
SQL:  SELECT *  FROM qs_book_price_history   where bid=658 order by time desc   [ RunTime:0.0002s ]
SQL:  SELECT t.id lid, t.name lname, u.id cid ,u.name username   FROM qs_type_list t , qs_book_label l,qs_user_profile u  where t.id=l.lid and l.cid = u.id and t.type=2 and t.status=1 and l.bid=573 [ RunTime:0.0003s ]
SQL:  SELECT s.bid, s.lid ,round(avg(s.score) ,1) as score,t.name  FROM qs_type_list t left join qs_book_score s   on t.id=s.lid   where t.type=4 and t.status=1   and s.bid=  573 group by s.bid,s.lid   [ RunTime:0.0003s ]
SQL:  SELECT *  FROM qs_book_price_history   where bid=573 order by time desc   [ RunTime:0.0003s ]
SQL:  SELECT t.id lid, t.name lname, u.id cid ,u.name username   FROM qs_type_list t , qs_book_label l,qs_user_profile u  where t.id=l.lid and l.cid = u.id and t.type=2 and t.status=1 and l.bid=656 [ RunTime:0.0003s ]
SQL:  SELECT s.bid, s.lid ,round(avg(s.score) ,1) as score,t.name  FROM qs_type_list t left join qs_book_score s   on t.id=s.lid   where t.type=4 and t.status=1   and s.bid=  656 group by s.bid,s.lid   [ RunTime:0.0004s ]
SQL:  SELECT *  FROM qs_book_price_history   where bid=656 order by time desc   [ RunTime:0.0002s ]
SQL:  SELECT t.id lid, t.name lname, u.id cid ,u.name username   FROM qs_type_list t , qs_book_label l,qs_user_profile u  where t.id=l.lid and l.cid = u.id and t.type=2 and t.status=1 and l.bid=657 [ RunTime:0.0003s ]
SQL:  SELECT s.bid, s.lid ,round(avg(s.score) ,1) as score,t.name  FROM qs_type_list t left join qs_book_score s   on t.id=s.lid   where t.type=4 and t.status=1   and s.bid=  657 group by s.bid,s.lid   [ RunTime:0.0003s ]
SQL:  SELECT *  FROM qs_book_price_history   where bid=657 order by time desc   [ RunTime:0.0003s ]
SQL:  SELECT t.id lid, t.name lname, u.id cid ,u.name username   FROM qs_type_list t , qs_book_label l,qs_user_profile u  where t.id=l.lid and l.cid = u.id and t.type=2 and t.status=1 and l.bid=654 [ RunTime:0.0003s ]
SQL:  SELECT s.bid, s.lid ,round(avg(s.score) ,1) as score,t.name  FROM qs_type_list t left join qs_book_score s   on t.id=s.lid   where t.type=4 and t.status=1   and s.bid=  654 group by s.bid,s.lid   [ RunTime:0.0003s ]
SQL:  SELECT *  FROM qs_book_price_history   where bid=654 order by time desc   [ RunTime:0.0002s ]
SQL:  SELECT t.id lid, t.name lname, u.id cid ,u.name username   FROM qs_type_list t , qs_book_label l,qs_user_profile u  where t.id=l.lid and l.cid = u.id and t.type=2 and t.status=1 and l.bid=643 [ RunTime:0.0003s ]
SQL:  SELECT s.bid, s.lid ,round(avg(s.score) ,1) as score,t.name  FROM qs_type_list t left join qs_book_score s   on t.id=s.lid   where t.type=4 and t.status=1   and s.bid=  643 group by s.bid,s.lid   [ RunTime:0.0003s ]
SQL:  SELECT *  FROM qs_book_price_history   where bid=643 order by time desc   [ RunTime:0.0002s ]
SQL:  SELECT t.id lid, t.name lname, u.id cid ,u.name username   FROM qs_type_list t , qs_book_label l,qs_user_profile u  where t.id=l.lid and l.cid = u.id and t.type=2 and t.status=1 and l.bid=649 [ RunTime:0.0003s ]
SQL:  SELECT s.bid, s.lid ,round(avg(s.score) ,1) as score,t.name  FROM qs_type_list t left join qs_book_score s   on t.id=s.lid   where t.type=4 and t.status=1   and s.bid=  649 group by s.bid,s.lid   [ RunTime:0.0003s ]
SQL:  SELECT *  FROM qs_book_price_history   where bid=649 order by time desc   [ RunTime:0.0002s ]
SQL:  SELECT t.id lid, t.name lname, u.id cid ,u.name username   FROM qs_type_list t , qs_book_label l,qs_user_profile u  where t.id=l.lid and l.cid = u.id and t.type=2 and t.status=1 and l.bid=648 [ RunTime:0.0003s ]
SQL:  SELECT s.bid, s.lid ,round(avg(s.score) ,1) as score,t.name  FROM qs_type_list t left join qs_book_score s   on t.id=s.lid   where t.type=4 and t.status=1   and s.bid=  648 group by s.bid,s.lid   [ RunTime:0.0003s ]
SQL:  SELECT *  FROM qs_book_price_history   where bid=648 order by time desc   [ RunTime:0.0002s ]
SQL:  SELECT t.id lid, t.name lname, u.id cid ,u.name username   FROM qs_type_list t , qs_book_label l,qs_user_profile u  where t.id=l.lid and l.cid = u.id and t.type=2 and t.status=1 and l.bid=535 [ RunTime:0.0003s ]
SQL:  SELECT s.bid, s.lid ,round(avg(s.score) ,1) as score,t.name  FROM qs_type_list t left join qs_book_score s   on t.id=s.lid   where t.type=4 and t.status=1   and s.bid=  535 group by s.bid,s.lid   [ RunTime:0.0003s ]
SQL:  SELECT *  FROM qs_book_price_history   where bid=535 order by time desc   [ RunTime:0.0002s ]
SQL:  SELECT t.id lid, t.name lname, u.id cid ,u.name username   FROM qs_type_list t , qs_book_label l,qs_user_profile u  where t.id=l.lid and l.cid = u.id and t.type=2 and t.status=1 and l.bid=624 [ RunTime:0.0003s ]
SQL:  SELECT s.bid, s.lid ,round(avg(s.score) ,1) as score,t.name  FROM qs_type_list t left join qs_book_score s   on t.id=s.lid   where t.type=4 and t.status=1   and s.bid=  624 group by s.bid,s.lid   [ RunTime:0.0003s ]
SQL:  SELECT *  FROM qs_book_price_history   where bid=624 order by time desc   [ RunTime:0.0002s ]
SQL:  SELECT t.id lid, t.name lname, u.id cid ,u.name username   FROM qs_type_list t , qs_book_label l,qs_user_profile u  where t.id=l.lid and l.cid = u.id and t.type=2 and t.status=1 and l.bid=451 [ RunTime:0.0002s ]
SQL:  SELECT s.bid, s.lid ,round(avg(s.score) ,1) as score,t.name  FROM qs_type_list t left join qs_book_score s   on t.id=s.lid   where t.type=4 and t.status=1   and s.bid=  451 group by s.bid,s.lid   [ RunTime:0.0003s ]
SQL:  SELECT *  FROM qs_book_price_history   where bid=451 order by time desc   [ RunTime:0.0002s ]
SQL:  SELECT t.id lid, t.name lname, u.id cid ,u.name username   FROM qs_type_list t , qs_book_label l,qs_user_profile u  where t.id=l.lid and l.cid = u.id and t.type=2 and t.status=1 and l.bid=362 [ RunTime:0.0002s ]
SQL:  SELECT s.bid, s.lid ,round(avg(s.score) ,1) as score,t.name  FROM qs_type_list t left join qs_book_score s   on t.id=s.lid   where t.type=4 and t.status=1   and s.bid=  362 group by s.bid,s.lid   [ RunTime:0.0003s ]
SQL:  SELECT *  FROM qs_book_price_history   where bid=362 order by time desc   [ RunTime:0.0002s ]
SQL:  SELECT t.id lid, t.name lname, u.id cid ,u.name username   FROM qs_type_list t , qs_book_label l,qs_user_profile u  where t.id=l.lid and l.cid = u.id and t.type=2 and t.status=1 and l.bid=502 [ RunTime:0.0003s ]
SQL:  SELECT s.bid, s.lid ,round(avg(s.score) ,1) as score,t.name  FROM qs_type_list t left join qs_book_score s   on t.id=s.lid   where t.type=4 and t.status=1   and s.bid=  502 group by s.bid,s.lid   [ RunTime:0.0003s ]
SQL:  SELECT *  FROM qs_book_price_history   where bid=502 order by time desc   [ RunTime:0.0002s ]
SQL:  SELECT t.id lid, t.name lname, u.id cid ,u.name username   FROM qs_type_list t , qs_book_label l,qs_user_profile u  where t.id=l.lid and l.cid = u.id and t.type=2 and t.status=1 and l.bid=474 [ RunTime:0.0003s ]
SQL:  SELECT s.bid, s.lid ,round(avg(s.score) ,1) as score,t.name  FROM qs_type_list t left join qs_book_score s   on t.id=s.lid   where t.type=4 and t.status=1   and s.bid=  474 group by s.bid,s.lid   [ RunTime:0.0003s ]
SQL:  SELECT *  FROM qs_book_price_history   where bid=474 order by time desc   [ RunTime:0.0002s ]
SQL:  SELECT t.id lid, t.name lname, u.id cid ,u.name username   FROM qs_type_list t , qs_book_label l,qs_user_profile u  where t.id=l.lid and l.cid = u.id and t.type=2 and t.status=1 and l.bid=644 [ RunTime:0.0003s ]
SQL:  SELECT s.bid, s.lid ,round(avg(s.score) ,1) as score,t.name  FROM qs_type_list t left join qs_book_score s   on t.id=s.lid   where t.type=4 and t.status=1   and s.bid=  644 group by s.bid,s.lid   [ RunTime:0.0003s ]
SQL:  SELECT *  FROM qs_book_price_history   where bid=644 order by time desc   [ RunTime:0.0002s ]
SQL:  SELECT t.id lid, t.name lname, u.id cid ,u.name username   FROM qs_type_list t , qs_book_label l,qs_user_profile u  where t.id=l.lid and l.cid = u.id and t.type=2 and t.status=1 and l.bid=614 [ RunTime:0.0002s ]
SQL:  SELECT s.bid, s.lid ,round(avg(s.score) ,1) as score,t.name  FROM qs_type_list t left join qs_book_score s   on t.id=s.lid   where t.type=4 and t.status=1   and s.bid=  614 group by s.bid,s.lid   [ RunTime:0.0003s ]
SQL:  SELECT *  FROM qs_book_price_history   where bid=614 order by time desc   [ RunTime:0.0002s ]
SQL:  SELECT t.id lid, t.name lname, u.id cid ,u.name username   FROM qs_type_list t , qs_book_label l,qs_user_profile u  where t.id=l.lid and l.cid = u.id and t.type=2 and t.status=1 and l.bid=620 [ RunTime:0.0003s ]
SQL:  SELECT s.bid, s.lid ,round(avg(s.score) ,1) as score,t.name  FROM qs_type_list t left join qs_book_score s   on t.id=s.lid   where t.type=4 and t.status=1   and s.bid=  620 group by s.bid,s.lid   [ RunTime:0.0003s ]
SQL:  SELECT *  FROM qs_book_price_history   where bid=620 order by time desc   [ RunTime:0.0002s ]
INFO: [ view_parse ] --START--
INFO: [ template_filter ] --START--
INFO: Run Behavior\ContentReplaceBehavior [ RunTime:0.000214s ]
INFO: [ template_filter ] --END-- [ RunTime:0.000437s ]
NOTIC: [8] Undefined variable: type /Users/LiXin/PhpstormProjects/adm/Application/Runtime/Cache/Home/e9ba4ca79b186d0737265aad69b2c1e2.php 第 115 行.
NOTIC: [8] Undefined variable: type /Users/LiXin/PhpstormProjects/adm/Application/Runtime/Cache/Home/e9ba4ca79b186d0737265aad69b2c1e2.php 第 118 行.
NOTIC: [8] Undefined variable: showMenu /Users/LiXin/PhpstormProjects/adm/Application/Runtime/Cache/Home/e9ba4ca79b186d0737265aad69b2c1e2.php 第 137 行.
NOTIC: [8] Undefined variable: showMenu /Users/LiXin/PhpstormProjects/adm/Application/Runtime/Cache/Home/e9ba4ca79b186d0737265aad69b2c1e2.php 第 141 行.
NOTIC: [8] Undefined variable: type /Users/LiXin/PhpstormProjects/adm/Application/Runtime/Cache/Home/e9ba4ca79b186d0737265aad69b2c1e2.php 第 159 行.
NOTIC: [8] Undefined variable: type /Users/LiXin/PhpstormProjects/adm/Application/Runtime/Cache/Home/e9ba4ca79b186d0737265aad69b2c1e2.php 第 163 行.
NOTIC: [8] Undefined variable: type /Users/LiXin/PhpstormProjects/adm/Application/Runtime/Cache/Home/e9ba4ca79b186d0737265aad69b2c1e2.php 第 167 行.
NOTIC: [8] Undefined variable: type /Users/LiXin/PhpstormProjects/adm/Application/Runtime/Cache/Home/e9ba4ca79b186d0737265aad69b2c1e2.php 第 171 行.
NOTIC: [8] Undefined variable: type /Users/LiXin/PhpstormProjects/adm/Application/Runtime/Cache/Home/e9ba4ca79b186d0737265aad69b2c1e2.php 第 175 行.
NOTIC: [8] Undefined variable: showMenu /Users/LiXin/PhpstormProjects/adm/Application/Runtime/Cache/Home/e9ba4ca79b186d0737265aad69b2c1e2.php 第 195 行.
NOTIC: [8] Undefined variable: showMenu /Users/LiXin/PhpstormProjects/adm/Application/Runtime/Cache/Home/e9ba4ca79b186d0737265aad69b2c1e2.php 第 199 行.
NOTIC: [8] Undefined variable: showMenu /Users/LiXin/PhpstormProjects/adm/Application/Runtime/Cache/Home/e9ba4ca79b186d0737265aad69b2c1e2.php 第 203 行.
NOTIC: [8] Undefined variable: lidsName /Users/LiXin/PhpstormProjects/adm/Application/Runtime/Cache/Home/e9ba4ca79b186d0737265aad69b2c1e2.php 第 228 行.
NOTIC: [8] Undefined variable: scoreName /Users/LiXin/PhpstormProjects/adm/Application/Runtime/Cache/Home/e9ba4ca79b186d0737265aad69b2c1e2.php 第 230 行.
INFO: Run Behavior\ParseTemplateBehavior [ RunTime:0.079987s ]
INFO: [ view_parse ] --END-- [ RunTime:0.080206s ]
INFO: [ view_filter ] --START--
INFO: Run Behavior\WriteHtmlCacheBehavior [ RunTime:0.000205s ]
INFO: [ view_filter ] --END-- [ RunTime:0.000410s ]
INFO: [ app_end ] --START--
INFO: Run Behavior\ShowPageTraceBehavior [ RunTime:0.000689s ]
INFO: [ app_end ] --END-- [ RunTime:0.001038s ]

[ 2016-09-20T18:34:17+08:00 ] ::1 /index.php/Book/getBookById
INFO: [ app_init ] --START--
INFO: Run Behavior\BuildLiteBehavior [ RunTime:0.000048s ]
INFO: [ app_init ] --END-- [ RunTime:0.000618s ]
INFO: [ app_begin ] --START--
INFO: Run Behavior\ReadHtmlCacheBehavior [ RunTime:0.000538s ]
INFO: [ app_begin ] --END-- [ RunTime:0.000732s ]
SQL: SHOW COLUMNS FROM `qs_books` [ RunTime:0.0006s ]
SQL: SELECT * FROM `qs_books` WHERE ( id=662 ) LIMIT 1   [ RunTime:0.0004s ]

[ 2016-09-20T18:34:27+08:00 ] ::1 /index.php/Book/getBookType
INFO: [ app_init ] --START--
INFO: Run Behavior\BuildLiteBehavior [ RunTime:0.000048s ]
INFO: [ app_init ] --END-- [ RunTime:0.000615s ]
INFO: [ app_begin ] --START--
INFO: Run Behavior\ReadHtmlCacheBehavior [ RunTime:0.000413s ]
INFO: [ app_begin ] --END-- [ RunTime:0.000588s ]
SQL: select * from qs_type_list where status=1 and type =1 order by sort_num desc [ RunTime:0.0004s ]

[ 2016-09-20T18:34:45+08:00 ] ::1 /index.php/Book/getBookLabel
INFO: [ app_init ] --START--
INFO: Run Behavior\BuildLiteBehavior [ RunTime:0.000051s ]
INFO: [ app_init ] --END-- [ RunTime:0.000518s ]
INFO: [ app_begin ] --START--
INFO: Run Behavior\ReadHtmlCacheBehavior [ RunTime:0.000500s ]
INFO: [ app_begin ] --END-- [ RunTime:0.000720s ]
SQL:  SELECT t.id lid, t.name lname, u.id cid ,u.name username   FROM qs_type_list t , qs_book_label l,qs_user_profile u  where t.id=l.lid and l.cid = u.id and t.type=2 and t.status=1 and l.bid=662 [ RunTime:0.0005s ]
SQL: select * from qs_book_label where  cid=1 and bid=662   [ RunTime:0.0002s ]
SQL: select t.*,'selected' from qs_type_list t  where status=1 and type =2 order by sort_num [ RunTime:0.0004s ]

[ 2016-09-20T18:34:55+08:00 ] ::1 /index.php/Book/getBookById
INFO: [ app_init ] --START--
INFO: Run Behavior\BuildLiteBehavior [ RunTime:0.000063s ]
INFO: [ app_init ] --END-- [ RunTime:0.001754s ]
INFO: [ app_begin ] --START--
INFO: Run Behavior\ReadHtmlCacheBehavior [ RunTime:0.000517s ]
INFO: [ app_begin ] --END-- [ RunTime:0.000731s ]
SQL: SHOW COLUMNS FROM `qs_books` [ RunTime:0.0005s ]
SQL: SELECT * FROM `qs_books` WHERE ( id=662 ) LIMIT 1   [ RunTime:0.0004s ]

[ 2016-09-20T18:34:55+08:00 ] ::1 /index.php/Book/getBookType
INFO: [ app_init ] --START--
INFO: Run Behavior\BuildLiteBehavior [ RunTime:0.000068s ]
INFO: [ app_init ] --END-- [ RunTime:0.000685s ]
INFO: [ app_begin ] --START--
INFO: Run Behavior\ReadHtmlCacheBehavior [ RunTime:0.000842s ]
INFO: [ app_begin ] --END-- [ RunTime:0.001074s ]
SQL: select * from qs_type_list where status=1 and type =1 order by sort_num desc [ RunTime:0.0005s ]

[ 2016-09-20T18:34:55+08:00 ] ::1 /index.php/Book/getBookLabel
INFO: [ app_init ] --START--
INFO: Run Behavior\BuildLiteBehavior [ RunTime:0.000050s ]
INFO: [ app_init ] --END-- [ RunTime:0.000536s ]
INFO: [ app_begin ] --START--
INFO: Run Behavior\ReadHtmlCacheBehavior [ RunTime:0.000481s ]
INFO: [ app_begin ] --END-- [ RunTime:0.000675s ]
SQL:  SELECT t.id lid, t.name lname, u.id cid ,u.name username   FROM qs_type_list t , qs_book_label l,qs_user_profile u  where t.id=l.lid and l.cid = u.id and t.type=2 and t.status=1 and l.bid=662 [ RunTime:0.0006s ]
SQL: select * from qs_book_label where  cid=1 and bid=662   [ RunTime:0.0002s ]
SQL: select t.*,'selected' from qs_type_list t  where status=1 and type =2 order by sort_num [ RunTime:0.0004s ]

[ 2016-09-20T18:34:55+08:00 ] ::1 /index.php/Book/getBookById
INFO: [ app_init ] --START--
INFO: Run Behavior\BuildLiteBehavior [ RunTime:0.000052s ]
INFO: [ app_init ] --END-- [ RunTime:0.000523s ]
INFO: [ app_begin ] --START--
INFO: Run Behavior\ReadHtmlCacheBehavior [ RunTime:0.000508s ]
INFO: [ app_begin ] --END-- [ RunTime:0.000717s ]
SQL: SHOW COLUMNS FROM `qs_books` [ RunTime:0.0005s ]
SQL: SELECT * FROM `qs_books` WHERE ( id=662 ) LIMIT 1   [ RunTime:0.0003s ]

[ 2016-09-20T18:34:55+08:00 ] ::1 /index.php/Book/getBookType
INFO: [ app_init ] --START--
INFO: Run Behavior\BuildLiteBehavior [ RunTime:0.000053s ]
INFO: [ app_init ] --END-- [ RunTime:0.000536s ]
INFO: [ app_begin ] --START--
INFO: Run Behavior\ReadHtmlCacheBehavior [ RunTime:0.000536s ]
INFO: [ app_begin ] --END-- [ RunTime:0.000749s ]
SQL: select * from qs_type_list where status=1 and type =1 order by sort_num desc [ RunTime:0.0004s ]

[ 2016-09-20T18:34:55+08:00 ] ::1 /index.php/Book/getBookLabel
INFO: [ app_init ] --START--
INFO: Run Behavior\BuildLiteBehavior [ RunTime:0.000053s ]
INFO: [ app_init ] --END-- [ RunTime:0.000528s ]
INFO: [ app_begin ] --START--
INFO: Run Behavior\ReadHtmlCacheBehavior [ RunTime:0.000479s ]
INFO: [ app_begin ] --END-- [ RunTime:0.000675s ]
SQL:  SELECT t.id lid, t.name lname, u.id cid ,u.name username   FROM qs_type_list t , qs_book_label l,qs_user_profile u  where t.id=l.lid and l.cid = u.id and t.type=2 and t.status=1 and l.bid=662 [ RunTime:0.0005s ]
SQL: select * from qs_book_label where  cid=1 and bid=662   [ RunTime:0.0002s ]
SQL: select t.*,'selected' from qs_type_list t  where status=1 and type =2 order by sort_num [ RunTime:0.0004s ]

[ 2016-09-20T18:34:55+08:00 ] ::1 /index.php/Book/getBookById
INFO: [ app_init ] --START--
INFO: Run Behavior\BuildLiteBehavior [ RunTime:0.000059s ]
INFO: [ app_init ] --END-- [ RunTime:0.000597s ]
INFO: [ app_begin ] --START--
INFO: Run Behavior\ReadHtmlCacheBehavior [ RunTime:0.000494s ]
INFO: [ app_begin ] --END-- [ RunTime:0.000703s ]
SQL: SHOW COLUMNS FROM `qs_books` [ RunTime:0.0006s ]
SQL: SELECT * FROM `qs_books` WHERE ( id=662 ) LIMIT 1   [ RunTime:0.0005s ]

[ 2016-09-20T18:34:55+08:00 ] ::1 /index.php/Book/getBookType
INFO: [ app_init ] --START--
INFO: Run Behavior\BuildLiteBehavior [ RunTime:0.000050s ]
INFO: [ app_init ] --END-- [ RunTime:0.000517s ]
INFO: [ app_begin ] --START--
INFO: Run Behavior\ReadHtmlCacheBehavior [ RunTime:0.000514s ]
INFO: [ app_begin ] --END-- [ RunTime:0.000730s ]
SQL: select * from qs_type_list where status=1 and type =1 order by sort_num desc [ RunTime:0.0004s ]

[ 2016-09-20T18:34:55+08:00 ] ::1 /index.php/Book/getBookLabel
INFO: [ app_init ] --START--
INFO: Run Behavior\BuildLiteBehavior [ RunTime:0.000049s ]
INFO: [ app_init ] --END-- [ RunTime:0.000513s ]
INFO: [ app_begin ] --START--
INFO: Run Behavior\ReadHtmlCacheBehavior [ RunTime:0.000482s ]
INFO: [ app_begin ] --END-- [ RunTime:0.000691s ]
SQL:  SELECT t.id lid, t.name lname, u.id cid ,u.name username   FROM qs_type_list t , qs_book_label l,qs_user_profile u  where t.id=l.lid and l.cid = u.id and t.type=2 and t.status=1 and l.bid=662 [ RunTime:0.0005s ]
SQL: select * from qs_book_label where  cid=1 and bid=662   [ RunTime:0.0003s ]
SQL: select t.*,'selected' from qs_type_list t  where status=1 and type =2 order by sort_num [ RunTime:0.0004s ]

[ 2016-09-20T18:34:55+08:00 ] ::1 /index.php/Book/setBookType
INFO: [ app_init ] --START--
INFO: Run Behavior\BuildLiteBehavior [ RunTime:0.000058s ]
INFO: [ app_init ] --END-- [ RunTime:0.000585s ]
INFO: [ app_begin ] --START--
INFO: Run Behavior\ReadHtmlCacheBehavior [ RunTime:0.000575s ]
INFO: [ app_begin ] --END-- [ RunTime:0.000791s ]
SQL: SHOW COLUMNS FROM `qs_books` [ RunTime:0.0005s ]
SQL: SELECT * FROM `qs_books` WHERE ( id=662 ) LIMIT 1   [ RunTime:0.0003s ]
SQL: UPDATE `qs_books` SET `id`='662',`type`='8',`uid`='6',`name`='希尔瓦娜斯·风行者',`indu`='希尔瓦娜斯·风行者，是暴雪娱乐出品的魔兽系列游戏的重要角色之一。
身为被遗忘者的女王，希尔瓦娜斯·风行者希望带领她已经死过一次的子民们追求更宏伟的目标。
希尔瓦娜斯曾经是银月城的游侠将军，奉命保卫奎尔萨拉斯的高等精灵王国。她在第三次战争中阵亡，家园遭到阿尔萨斯·米奈希尔和亡灵天灾军团的蹂躏，但是死亡并非她的终点。阿尔萨斯残忍地将她的灵魂与身体剥离，将她化为充满仇恨的女妖，成为天灾军团的一员。当伊利丹·怒风的攻击削弱了巫妖王，希尔瓦娜斯与其他意志坚强的亡灵摆脱了控制，在洛丹伦王国的废墟下建立了新家园。他们称',`price`='0.10',`isup`='1',`isover`='0',`ctime`='1471945340',`level`=NULL,`utime`='1471945663',`etime`=NULL,`lutime`='1471945756',`or_cnt`='5',`price_or_node`='2',`read_cnt`='0',`mark_cnt`='0',`share_cnt`='0',`buy_cnt`='0',`money_cnt`='0.00',`word_cnt`='2374',`edit_cnt`='0',`update_time`=NULL,`updater_id`=NULL WHERE ( id=662 ) [ RunTime:0.0018s ]

[ 2016-09-20T18:34:58+08:00 ] ::1 /index.php/Book/getBookById
INFO: [ app_init ] --START--
INFO: Run Behavior\BuildLiteBehavior [ RunTime:0.000050s ]
INFO: [ app_init ] --END-- [ RunTime:0.000509s ]
INFO: [ app_begin ] --START--
INFO: Run Behavior\ReadHtmlCacheBehavior [ RunTime:0.000452s ]
INFO: [ app_begin ] --END-- [ RunTime:0.000642s ]
SQL: SHOW COLUMNS FROM `qs_books` [ RunTime:0.0005s ]
SQL: SELECT * FROM `qs_books` WHERE ( id=662 ) LIMIT 1   [ RunTime:0.0003s ]

[ 2016-09-20T18:34:58+08:00 ] ::1 /index.php/Book/getBookType
INFO: [ app_init ] --START--
INFO: Run Behavior\BuildLiteBehavior [ RunTime:0.000048s ]
INFO: [ app_init ] --END-- [ RunTime:0.000519s ]
INFO: [ app_begin ] --START--
INFO: Run Behavior\ReadHtmlCacheBehavior [ RunTime:0.000413s ]
INFO: [ app_begin ] --END-- [ RunTime:0.000590s ]
SQL: select * from qs_type_list where status=1 and type =1 order by sort_num desc [ RunTime:0.0004s ]

[ 2016-09-20T18:34:58+08:00 ] ::1 /index.php/Book/setBookType
INFO: [ app_init ] --START--
INFO: Run Behavior\BuildLiteBehavior [ RunTime:0.000048s ]
INFO: [ app_init ] --END-- [ RunTime:0.000505s ]
INFO: [ app_begin ] --START--
INFO: Run Behavior\ReadHtmlCacheBehavior [ RunTime:0.000416s ]
INFO: [ app_begin ] --END-- [ RunTime:0.000594s ]
SQL: SHOW COLUMNS FROM `qs_books` [ RunTime:0.0005s ]
SQL: SELECT * FROM `qs_books` WHERE ( id=662 ) LIMIT 1   [ RunTime:0.0003s ]
SQL: UPDATE `qs_books` SET `id`='662',`type`='9',`uid`='6',`name`='希尔瓦娜斯·风行者',`indu`='希尔瓦娜斯·风行者，是暴雪娱乐出品的魔兽系列游戏的重要角色之一。
身为被遗忘者的女王，希尔瓦娜斯·风行者希望带领她已经死过一次的子民们追求更宏伟的目标。
希尔瓦娜斯曾经是银月城的游侠将军，奉命保卫奎尔萨拉斯的高等精灵王国。她在第三次战争中阵亡，家园遭到阿尔萨斯·米奈希尔和亡灵天灾军团的蹂躏，但是死亡并非她的终点。阿尔萨斯残忍地将她的灵魂与身体剥离，将她化为充满仇恨的女妖，成为天灾军团的一员。当伊利丹·怒风的攻击削弱了巫妖王，希尔瓦娜斯与其他意志坚强的亡灵摆脱了控制，在洛丹伦王国的废墟下建立了新家园。他们称',`price`='0.10',`isup`='1',`isover`='0',`ctime`='1471945340',`level`=NULL,`utime`='1471945663',`etime`=NULL,`lutime`='1471945756',`or_cnt`='5',`price_or_node`='2',`read_cnt`='0',`mark_cnt`='0',`share_cnt`='0',`buy_cnt`='0',`money_cnt`='0.00',`word_cnt`='2374',`edit_cnt`='0',`update_time`=NULL,`updater_id`=NULL WHERE ( id=662 ) [ RunTime:0.0013s ]

[ 2016-09-20T18:34:59+08:00 ] ::1 /index.php/Book/getBookById
INFO: [ app_init ] --START--
INFO: Run Behavior\BuildLiteBehavior [ RunTime:0.000052s ]
INFO: [ app_init ] --END-- [ RunTime:0.000525s ]
INFO: [ app_begin ] --START--
INFO: Run Behavior\ReadHtmlCacheBehavior [ RunTime:0.000417s ]
INFO: [ app_begin ] --END-- [ RunTime:0.000599s ]
SQL: SHOW COLUMNS FROM `qs_books` [ RunTime:0.0005s ]
SQL: SELECT * FROM `qs_books` WHERE ( id=662 ) LIMIT 1   [ RunTime:0.0003s ]

[ 2016-09-20T18:34:59+08:00 ] ::1 /index.php/Book/getBookType
INFO: [ app_init ] --START--
INFO: Run Behavior\BuildLiteBehavior [ RunTime:0.000055s ]
INFO: [ app_init ] --END-- [ RunTime:0.000571s ]
INFO: [ app_begin ] --START--
INFO: Run Behavior\ReadHtmlCacheBehavior [ RunTime:0.000415s ]
INFO: [ app_begin ] --END-- [ RunTime:0.000593s ]
SQL: select * from qs_type_list where status=1 and type =1 order by sort_num desc [ RunTime:0.0004s ]

[ 2016-09-20T19:22:34+08:00 ] ::1 /index.php/Index/index
INFO: [ app_init ] --START--
INFO: Run Behavior\BuildLiteBehavior [ RunTime:0.000070s ]
INFO: [ app_init ] --END-- [ RunTime:0.001187s ]
INFO: [ app_begin ] --START--
INFO: Run Behavior\ReadHtmlCacheBehavior [ RunTime:0.001283s ]
INFO: [ app_begin ] --END-- [ RunTime:0.001534s ]
SQL: SHOW COLUMNS FROM `qs_user` [ RunTime:0.0005s ]
SQL: SHOW COLUMNS FROM `qs_books` [ RunTime:0.0004s ]
SQL: SHOW COLUMNS FROM `qs_user_pay_history` [ RunTime:0.0005s ]
SQL: SHOW COLUMNS FROM `qs_user_read_history` [ RunTime:0.0004s ]
SQL: SELECT COUNT(*) AS tp_count FROM `qs_user` LIMIT 1   [ RunTime:0.0003s ]
SQL: SELECT COUNT(*) AS tp_count FROM `qs_user` WHERE ( 1=1 ) LIMIT 1   [ RunTime:0.0003s ]
SQL: SELECT COUNT(*) AS tp_count FROM `qs_books` WHERE ( isup=1 ) LIMIT 1   [ RunTime:0.0004s ]
SQL: SELECT COUNT(*) AS tp_count FROM `qs_books` LIMIT 1   [ RunTime:0.0002s ]
SQL: SELECT  count(*) cnt,b.name   FROM   qs_user_read_history  h , qs_books b WHERE h.bid=b.id and  h.time BETWEEN UNIX_TIMESTAMP('2016-09-19 00:00:00') and UNIX_TIMESTAMP ('2016-09-19 23:59:59') GROUP BY b.id order by cnt desc LIMIT 0,1 [ RunTime:0.0005s ]
SQL: SELECT  count(*) cnt,b.name FROM qs_user_read_history  h , qs_books b WHERE h.bid=b.id and  h.time BETWEEN UNIX_TIMESTAMP('2016-09-20 00:00:00') and UNIX_TIMESTAMP ('2016-09-20 23:59:59') GROUP BY b.id order by cnt desc LIMIT 0,1 [ RunTime:0.0004s ]
SQL: SELECT SUM(h.money) amt ,b.name ,b.id FROM qs_user_pay_history h , qs_books b WHERE  h.bid=b.id and h.status=1 and h.pay_time and h.pay_time  BETWEEN '2016-09-19 00:00:00' and  '2016-09-19 23:59:59'  group by b.id  order by amt desc limit 0,1 [ RunTime:0.0003s ]
SQL: SELECT SUM(h.money) amt ,b.name ,b.id FROM qs_user_pay_history h , qs_books b WHERE  h.bid=b.id and h.status=1 and h.pay_time and h.pay_time  BETWEEN '2016-09-20 00:00:00' and  '2016-09-20 23:59:59'  group by b.id  order by amt desc limit 0,1 [ RunTime:0.0003s ]
SQL: SELECT * FROM  qs_books WHERE  isup =1 and  utime BETWEEN UNIX_TIMESTAMP('2016-09-19 00:00:00') and UNIX_TIMESTAMP ('2016-09-19 23:59:59') [ RunTime:0.0004s ]
SQL: SELECT * FROM  qs_books WHERE  isup =1 and  utime BETWEEN UNIX_TIMESTAMP('2016-09-19 00:00:00') and UNIX_TIMESTAMP ('2016-09-19 23:59:59') [ RunTime:0.0004s ]
INFO: [ view_parse ] --START--
INFO: [ template_filter ] --START--
INFO: Run Behavior\ContentReplaceBehavior [ RunTime:0.000155s ]
INFO: [ template_filter ] --END-- [ RunTime:0.000449s ]
NOTIC: [8] Undefined variable: SHOW_MENU /Users/LiXin/PhpstormProjects/adm/Application/Runtime/Cache/Home/2a94b8bda04ff446dcedd42276fc99ee.php 第 84 行.
NOTIC: [8] Undefined variable: SHOW_MENU /Users/LiXin/PhpstormProjects/adm/Application/Runtime/Cache/Home/2a94b8bda04ff446dcedd42276fc99ee.php 第 97 行.
NOTIC: [8] Undefined variable: SHOW_MENU /Users/LiXin/PhpstormProjects/adm/Application/Runtime/Cache/Home/2a94b8bda04ff446dcedd42276fc99ee.php 第 110 行.
NOTIC: [8] Undefined variable: type /Users/LiXin/PhpstormProjects/adm/Application/Runtime/Cache/Home/2a94b8bda04ff446dcedd42276fc99ee.php 第 113 行.
NOTIC: [8] Undefined variable: type /Users/LiXin/PhpstormProjects/adm/Application/Runtime/Cache/Home/2a94b8bda04ff446dcedd42276fc99ee.php 第 116 行.
NOTIC: [8] Undefined variable: SHOW_MENU /Users/LiXin/PhpstormProjects/adm/Application/Runtime/Cache/Home/2a94b8bda04ff446dcedd42276fc99ee.php 第 131 行.
NOTIC: [8] Undefined variable: showMenu /Users/LiXin/PhpstormProjects/adm/Application/Runtime/Cache/Home/2a94b8bda04ff446dcedd42276fc99ee.php 第 135 行.
NOTIC: [8] Undefined variable: showMenu /Users/LiXin/PhpstormProjects/adm/Application/Runtime/Cache/Home/2a94b8bda04ff446dcedd42276fc99ee.php 第 139 行.
NOTIC: [8] Undefined variable: SHOW_MENU /Users/LiXin/PhpstormProjects/adm/Application/Runtime/Cache/Home/2a94b8bda04ff446dcedd42276fc99ee.php 第 153 行.
NOTIC: [8] Undefined variable: type /Users/LiXin/PhpstormProjects/adm/Application/Runtime/Cache/Home/2a94b8bda04ff446dcedd42276fc99ee.php 第 157 行.
NOTIC: [8] Undefined variable: type /Users/LiXin/PhpstormProjects/adm/Application/Runtime/Cache/Home/2a94b8bda04ff446dcedd42276fc99ee.php 第 161 行.
NOTIC: [8] Undefined variable: type /Users/LiXin/PhpstormProjects/adm/Application/Runtime/Cache/Home/2a94b8bda04ff446dcedd42276fc99ee.php 第 165 行.
NOTIC: [8] Undefined variable: type /Users/LiXin/PhpstormProjects/adm/Application/Runtime/Cache/Home/2a94b8bda04ff446dcedd42276fc99ee.php 第 169 行.
NOTIC: [8] Undefined variable: type /Users/LiXin/PhpstormProjects/adm/Application/Runtime/Cache/Home/2a94b8bda04ff446dcedd42276fc99ee.php 第 173 行.
NOTIC: [8] Undefined variable: SHOW_MENU /Users/LiXin/PhpstormProjects/adm/Application/Runtime/Cache/Home/2a94b8bda04ff446dcedd42276fc99ee.php 第 189 行.
NOTIC: [8] Undefined variable: showMenu /Users/LiXin/PhpstormProjects/adm/Application/Runtime/Cache/Home/2a94b8bda04ff446dcedd42276fc99ee.php 第 193 行.
NOTIC: [8] Undefined variable: showMenu /Users/LiXin/PhpstormProjects/adm/Application/Runtime/Cache/Home/2a94b8bda04ff446dcedd42276fc99ee.php 第 197 行.
NOTIC: [8] Undefined variable: showMenu /Users/LiXin/PhpstormProjects/adm/Application/Runtime/Cache/Home/2a94b8bda04ff446dcedd42276fc99ee.php 第 201 行.
INFO: Run Behavior\ParseTemplateBehavior [ RunTime:0.030294s ]
INFO: [ view_parse ] --END-- [ RunTime:0.030531s ]
INFO: [ view_filter ] --START--
INFO: Run Behavior\WriteHtmlCacheBehavior [ RunTime:0.000513s ]
INFO: [ view_filter ] --END-- [ RunTime:0.000743s ]
INFO: [ app_end ] --START--
INFO: Run Behavior\ShowPageTraceBehavior [ RunTime:0.001050s ]
INFO: [ app_end ] --END-- [ RunTime:0.001329s ]

[ 2016-09-20T19:32:50+08:00 ] ::1 /index.php/Index/index
INFO: [ app_init ] --START--
INFO: Run Behavior\BuildLiteBehavior [ RunTime:0.000048s ]
INFO: [ app_init ] --END-- [ RunTime:0.000613s ]
INFO: [ app_begin ] --START--
INFO: Run Behavior\ReadHtmlCacheBehavior [ RunTime:0.000560s ]
INFO: [ app_begin ] --END-- [ RunTime:0.000791s ]
SQL: SHOW COLUMNS FROM `qs_user` [ RunTime:0.0005s ]
SQL: SHOW COLUMNS FROM `qs_books` [ RunTime:0.0005s ]
SQL: SHOW COLUMNS FROM `qs_user_pay_history` [ RunTime:0.0006s ]
SQL: SHOW COLUMNS FROM `qs_user_read_history` [ RunTime:0.0005s ]
SQL: SELECT COUNT(*) AS tp_count FROM `qs_user` LIMIT 1   [ RunTime:0.0004s ]
SQL: SELECT COUNT(*) AS tp_count FROM `qs_user` WHERE ( 1=1 ) LIMIT 1   [ RunTime:0.0004s ]
SQL: SELECT COUNT(*) AS tp_count FROM `qs_books` WHERE ( isup=1 ) LIMIT 1   [ RunTime:0.0004s ]
SQL: SELECT COUNT(*) AS tp_count FROM `qs_books` LIMIT 1   [ RunTime:0.0005s ]
SQL: SELECT  count(*) cnt,b.name   FROM   qs_user_read_history  h , qs_books b WHERE h.bid=b.id and  h.time BETWEEN UNIX_TIMESTAMP('2016-09-19 00:00:00') and UNIX_TIMESTAMP ('2016-09-19 23:59:59') GROUP BY b.id order by cnt desc LIMIT 0,1 [ RunTime:0.0005s ]
SQL: SELECT  count(*) cnt,b.name FROM qs_user_read_history  h , qs_books b WHERE h.bid=b.id and  h.time BETWEEN UNIX_TIMESTAMP('2016-09-20 00:00:00') and UNIX_TIMESTAMP ('2016-09-20 23:59:59') GROUP BY b.id order by cnt desc LIMIT 0,1 [ RunTime:0.0005s ]
SQL: SELECT SUM(h.money) amt ,b.name ,b.id FROM qs_user_pay_history h , qs_books b WHERE  h.bid=b.id and h.status=1 and h.pay_time and h.pay_time  BETWEEN '2016-09-19 00:00:00' and  '2016-09-19 23:59:59'  group by b.id  order by amt desc limit 0,1 [ RunTime:0.0005s ]
SQL: SELECT SUM(h.money) amt ,b.name ,b.id FROM qs_user_pay_history h , qs_books b WHERE  h.bid=b.id and h.status=1 and h.pay_time and h.pay_time  BETWEEN '2016-09-20 00:00:00' and  '2016-09-20 23:59:59'  group by b.id  order by amt desc limit 0,1 [ RunTime:0.0006s ]
SQL: SELECT * FROM  qs_books WHERE  isup =1 and  utime BETWEEN UNIX_TIMESTAMP('2016-09-19 00:00:00') and UNIX_TIMESTAMP ('2016-09-19 23:59:59') [ RunTime:0.0006s ]
SQL: SELECT * FROM  qs_books WHERE  isup =1 and  utime BETWEEN UNIX_TIMESTAMP('2016-09-19 00:00:00') and UNIX_TIMESTAMP ('2016-09-19 23:59:59') [ RunTime:0.0007s ]
INFO: [ view_parse ] --START--
INFO: [ template_filter ] --START--
INFO: Run Behavior\ContentReplaceBehavior [ RunTime:0.000168s ]
INFO: [ template_filter ] --END-- [ RunTime:0.000437s ]
NOTIC: [8] Undefined variable: SHOW_MENU /Users/LiXin/PhpstormProjects/adm/Application/Runtime/Cache/Home/2a94b8bda04ff446dcedd42276fc99ee.php 第 84 行.
NOTIC: [8] Undefined variable: SHOW_MENU /Users/LiXin/PhpstormProjects/adm/Application/Runtime/Cache/Home/2a94b8bda04ff446dcedd42276fc99ee.php 第 97 行.
NOTIC: [8] Undefined variable: SHOW_MENU /Users/LiXin/PhpstormProjects/adm/Application/Runtime/Cache/Home/2a94b8bda04ff446dcedd42276fc99ee.php 第 110 行.
NOTIC: [8] Undefined variable: type /Users/LiXin/PhpstormProjects/adm/Application/Runtime/Cache/Home/2a94b8bda04ff446dcedd42276fc99ee.php 第 113 行.
NOTIC: [8] Undefined variable: type /Users/LiXin/PhpstormProjects/adm/Application/Runtime/Cache/Home/2a94b8bda04ff446dcedd42276fc99ee.php 第 116 行.
NOTIC: [8] Undefined variable: SHOW_MENU /Users/LiXin/PhpstormProjects/adm/Application/Runtime/Cache/Home/2a94b8bda04ff446dcedd42276fc99ee.php 第 131 行.
NOTIC: [8] Undefined variable: showMenu /Users/LiXin/PhpstormProjects/adm/Application/Runtime/Cache/Home/2a94b8bda04ff446dcedd42276fc99ee.php 第 135 行.
NOTIC: [8] Undefined variable: showMenu /Users/LiXin/PhpstormProjects/adm/Application/Runtime/Cache/Home/2a94b8bda04ff446dcedd42276fc99ee.php 第 139 行.
NOTIC: [8] Undefined variable: SHOW_MENU /Users/LiXin/PhpstormProjects/adm/Application/Runtime/Cache/Home/2a94b8bda04ff446dcedd42276fc99ee.php 第 153 行.
NOTIC: [8] Undefined variable: type /Users/LiXin/PhpstormProjects/adm/Application/Runtime/Cache/Home/2a94b8bda04ff446dcedd42276fc99ee.php 第 157 行.
NOTIC: [8] Undefined variable: type /Users/LiXin/PhpstormProjects/adm/Application/Runtime/Cache/Home/2a94b8bda04ff446dcedd42276fc99ee.php 第 161 行.
NOTIC: [8] Undefined variable: type /Users/LiXin/PhpstormProjects/adm/Application/Runtime/Cache/Home/2a94b8bda04ff446dcedd42276fc99ee.php 第 165 行.
NOTIC: [8] Undefined variable: type /Users/LiXin/PhpstormProjects/adm/Application/Runtime/Cache/Home/2a94b8bda04ff446dcedd42276fc99ee.php 第 169 行.
NOTIC: [8] Undefined variable: type /Users/LiXin/PhpstormProjects/adm/Application/Runtime/Cache/Home/2a94b8bda04ff446dcedd42276fc99ee.php 第 173 行.
NOTIC: [8] Undefined variable: SHOW_MENU /Users/LiXin/PhpstormProjects/adm/Application/Runtime/Cache/Home/2a94b8bda04ff446dcedd42276fc99ee.php 第 189 行.
NOTIC: [8] Undefined variable: showMenu /Users/LiXin/PhpstormProjects/adm/Application/Runtime/Cache/Home/2a94b8bda04ff446dcedd42276fc99ee.php 第 193 行.
NOTIC: [8] Undefined variable: showMenu /Users/LiXin/PhpstormProjects/adm/Application/Runtime/Cache/Home/2a94b8bda04ff446dcedd42276fc99ee.php 第 197 行.
NOTIC: [8] Undefined variable: showMenu /Users/LiXin/PhpstormProjects/adm/Application/Runtime/Cache/Home/2a94b8bda04ff446dcedd42276fc99ee.php 第 201 行.
NOTIC: [8] Undefined index: name /Users/LiXin/PhpstormProjects/adm/Application/Runtime/Cache/Home/2a94b8bda04ff446dcedd42276fc99ee.php 第 270 行.
NOTIC: [8] Undefined index: cnt /Users/LiXin/PhpstormProjects/adm/Application/Runtime/Cache/Home/2a94b8bda04ff446dcedd42276fc99ee.php 第 270 行.
INFO: Run Behavior\ParseTemplateBehavior [ RunTime:0.031248s ]
INFO: [ view_parse ] --END-- [ RunTime:0.031518s ]
INFO: [ view_filter ] --START--
INFO: Run Behavior\WriteHtmlCacheBehavior [ RunTime:0.000467s ]
INFO: [ view_filter ] --END-- [ RunTime:0.000714s ]
INFO: [ app_end ] --START--
INFO: Run Behavior\ShowPageTraceBehavior [ RunTime:0.000686s ]
INFO: [ app_end ] --END-- [ RunTime:0.000949s ]

[ 2016-09-20T19:40:58+08:00 ] ::1 /index.php/Index/index
INFO: [ app_init ] --START--
INFO: Run Behavior\BuildLiteBehavior [ RunTime:0.000054s ]
INFO: [ app_init ] --END-- [ RunTime:0.000543s ]
INFO: [ app_begin ] --START--
INFO: Run Behavior\ReadHtmlCacheBehavior [ RunTime:0.000520s ]
INFO: [ app_begin ] --END-- [ RunTime:0.000754s ]
SQL: SHOW COLUMNS FROM `qs_user` [ RunTime:0.0005s ]
SQL: SHOW COLUMNS FROM `qs_books` [ RunTime:0.0004s ]
SQL: SHOW COLUMNS FROM `qs_user_pay_history` [ RunTime:0.0005s ]
SQL: SHOW COLUMNS FROM `qs_user_read_history` [ RunTime:0.0004s ]
SQL: SELECT COUNT(*) AS tp_count FROM `qs_user` LIMIT 1   [ RunTime:0.0003s ]
SQL: SELECT COUNT(*) AS tp_count FROM `qs_user` WHERE ( 1=1 ) LIMIT 1   [ RunTime:0.0003s ]
SQL: SELECT COUNT(*) AS tp_count FROM `qs_books` WHERE ( isup=1 ) LIMIT 1   [ RunTime:0.0003s ]
SQL: SELECT COUNT(*) AS tp_count FROM `qs_books` LIMIT 1   [ RunTime:0.0002s ]
SQL: SELECT  count(*) cnt,b.name   FROM   qs_user_read_history  h , qs_books b WHERE h.bid=b.id and  h.time BETWEEN UNIX_TIMESTAMP('2016-09-19 00:00:00') and UNIX_TIMESTAMP ('2016-09-19 23:59:59') GROUP BY b.id order by cnt desc LIMIT 0,1 [ RunTime:0.0004s ]
SQL: SELECT  count(*) cnt,b.name FROM qs_user_read_history  h , qs_books b WHERE h.bid=b.id and  h.time BETWEEN UNIX_TIMESTAMP('2016-09-20 00:00:00') and UNIX_TIMESTAMP ('2016-09-20 23:59:59') GROUP BY b.id order by cnt desc LIMIT 0,1 [ RunTime:0.0004s ]
SQL: SELECT SUM(h.money) amt ,b.name ,b.id FROM qs_user_pay_history h , qs_books b WHERE  h.bid=b.id and h.status=1 and h.pay_time and h.pay_time  BETWEEN '2016-09-19 00:00:00' and  '2016-09-19 23:59:59'  group by b.id  order by amt desc limit 0,1 [ RunTime:0.0003s ]
SQL: SELECT SUM(h.money) amt ,b.name ,b.id FROM qs_user_pay_history h , qs_books b WHERE  h.bid=b.id and h.status=1 and h.pay_time and h.pay_time  BETWEEN '2016-09-20 00:00:00' and  '2016-09-20 23:59:59'  group by b.id  order by amt desc limit 0,1 [ RunTime:0.0003s ]
SQL: SELECT * FROM  qs_books WHERE  isup =1 and  utime BETWEEN UNIX_TIMESTAMP('2016-09-19 00:00:00') and UNIX_TIMESTAMP ('2016-09-19 23:59:59') [ RunTime:0.0004s ]
SQL: SELECT * FROM  qs_books WHERE  isup =1 and  utime BETWEEN UNIX_TIMESTAMP('2016-09-19 00:00:00') and UNIX_TIMESTAMP ('2016-09-19 23:59:59') [ RunTime:0.0004s ]
INFO: [ view_parse ] --START--
INFO: [ template_filter ] --START--
INFO: Run Behavior\ContentReplaceBehavior [ RunTime:0.000129s ]
INFO: [ template_filter ] --END-- [ RunTime:0.000358s ]
NOTIC: [8] Undefined variable: SHOW_MENU /Users/LiXin/PhpstormProjects/adm/Application/Runtime/Cache/Home/2a94b8bda04ff446dcedd42276fc99ee.php 第 84 行.
NOTIC: [8] Undefined variable: SHOW_MENU /Users/LiXin/PhpstormProjects/adm/Application/Runtime/Cache/Home/2a94b8bda04ff446dcedd42276fc99ee.php 第 97 行.
NOTIC: [8] Undefined variable: SHOW_MENU /Users/LiXin/PhpstormProjects/adm/Application/Runtime/Cache/Home/2a94b8bda04ff446dcedd42276fc99ee.php 第 110 行.
NOTIC: [8] Undefined variable: type /Users/LiXin/PhpstormProjects/adm/Application/Runtime/Cache/Home/2a94b8bda04ff446dcedd42276fc99ee.php 第 113 行.
NOTIC: [8] Undefined variable: type /Users/LiXin/PhpstormProjects/adm/Application/Runtime/Cache/Home/2a94b8bda04ff446dcedd42276fc99ee.php 第 116 行.
NOTIC: [8] Undefined variable: SHOW_MENU /Users/LiXin/PhpstormProjects/adm/Application/Runtime/Cache/Home/2a94b8bda04ff446dcedd42276fc99ee.php 第 131 行.
NOTIC: [8] Undefined variable: showMenu /Users/LiXin/PhpstormProjects/adm/Application/Runtime/Cache/Home/2a94b8bda04ff446dcedd42276fc99ee.php 第 135 行.
NOTIC: [8] Undefined variable: showMenu /Users/LiXin/PhpstormProjects/adm/Application/Runtime/Cache/Home/2a94b8bda04ff446dcedd42276fc99ee.php 第 139 行.
NOTIC: [8] Undefined variable: SHOW_MENU /Users/LiXin/PhpstormProjects/adm/Application/Runtime/Cache/Home/2a94b8bda04ff446dcedd42276fc99ee.php 第 153 行.
NOTIC: [8] Undefined variable: type /Users/LiXin/PhpstormProjects/adm/Application/Runtime/Cache/Home/2a94b8bda04ff446dcedd42276fc99ee.php 第 157 行.
NOTIC: [8] Undefined variable: type /Users/LiXin/PhpstormProjects/adm/Application/Runtime/Cache/Home/2a94b8bda04ff446dcedd42276fc99ee.php 第 161 行.
NOTIC: [8] Undefined variable: type /Users/LiXin/PhpstormProjects/adm/Application/Runtime/Cache/Home/2a94b8bda04ff446dcedd42276fc99ee.php 第 165 行.
NOTIC: [8] Undefined variable: type /Users/LiXin/PhpstormProjects/adm/Application/Runtime/Cache/Home/2a94b8bda04ff446dcedd42276fc99ee.php 第 169 行.
NOTIC: [8] Undefined variable: type /Users/LiXin/PhpstormProjects/adm/Application/Runtime/Cache/Home/2a94b8bda04ff446dcedd42276fc99ee.php 第 173 行.
NOTIC: [8] Undefined variable: SHOW_MENU /Users/LiXin/PhpstormProjects/adm/Application/Runtime/Cache/Home/2a94b8bda04ff446dcedd42276fc99ee.php 第 189 行.
NOTIC: [8] Undefined variable: showMenu /Users/LiXin/PhpstormProjects/adm/Application/Runtime/Cache/Home/2a94b8bda04ff446dcedd42276fc99ee.php 第 193 行.
NOTIC: [8] Undefined variable: showMenu /Users/LiXin/PhpstormProjects/adm/Application/Runtime/Cache/Home/2a94b8bda04ff446dcedd42276fc99ee.php 第 197 行.
NOTIC: [8] Undefined variable: showMenu /Users/LiXin/PhpstormProjects/adm/Application/Runtime/Cache/Home/2a94b8bda04ff446dcedd42276fc99ee.php 第 201 行.
NOTIC: [8] Undefined index: name /Users/LiXin/PhpstormProjects/adm/Application/Runtime/Cache/Home/2a94b8bda04ff446dcedd42276fc99ee.php 第 270 行.
NOTIC: [8] Undefined index: cnt /Users/LiXin/PhpstormProjects/adm/Application/Runtime/Cache/Home/2a94b8bda04ff446dcedd42276fc99ee.php 第 270 行.
NOTIC: [8] Undefined index: name /Users/LiXin/PhpstormProjects/adm/Application/Runtime/Cache/Home/2a94b8bda04ff446dcedd42276fc99ee.php 第 281 行.
NOTIC: [8] Undefined index: cnt /Users/LiXin/PhpstormProjects/adm/Application/Runtime/Cache/Home/2a94b8bda04ff446dcedd42276fc99ee.php 第 281 行.
NOTIC: [8] Undefined index: name /Users/LiXin/PhpstormProjects/adm/Application/Runtime/Cache/Home/2a94b8bda04ff446dcedd42276fc99ee.php 第 292 行.
NOTIC: [8] Undefined index: amt /Users/LiXin/PhpstormProjects/adm/Application/Runtime/Cache/Home/2a94b8bda04ff446dcedd42276fc99ee.php 第 292 行.
NOTIC: [8] Undefined index: name /Users/LiXin/PhpstormProjects/adm/Application/Runtime/Cache/Home/2a94b8bda04ff446dcedd42276fc99ee.php 第 303 行.
NOTIC: [8] Undefined index: amt /Users/LiXin/PhpstormProjects/adm/Application/Runtime/Cache/Home/2a94b8bda04ff446dcedd42276fc99ee.php 第 303 行.
INFO: Run Behavior\ParseTemplateBehavior [ RunTime:0.027713s ]
INFO: [ view_parse ] --END-- [ RunTime:0.027950s ]
INFO: [ view_filter ] --START--
INFO: Run Behavior\WriteHtmlCacheBehavior [ RunTime:0.000208s ]
INFO: [ view_filter ] --END-- [ RunTime:0.000416s ]
INFO: [ app_end ] --START--
INFO: Run Behavior\ShowPageTraceBehavior [ RunTime:0.000682s ]
INFO: [ app_end ] --END-- [ RunTime:0.001004s ]

